<html xmlns:math="http://exslt.org/math" xmlns:testng="http://testng.org">
   <head>
      <title>TestNG Results</title>
      <meta http-equiv="content-type" content="text/html; charset=utf-8"></meta>
      <meta http-equiv="pragma" content="no-cache"></meta>
      <meta http-equiv="cache-control" content="max-age=0"></meta>
      <meta http-equiv="cache-control" content="no-cache"></meta>
      <meta http-equiv="cache-control" content="no-store"></meta>
      <LINK rel="stylesheet" href="style.css"></LINK>
      <script type="text/javascript" src="main.js"></script>
   </head>
   <body>
      <table width="100%" style="font-size: 16px; margin-bottom: 10px;" cellspacing="1">
         <tr>
            <td width="100%">
               All methods in suite
               
               <b>Suite</b>
            </td>
            <td style="background-color: #FFBBBB; padding: 3px 3px 3px 0;" align="center">
               <div style="width: 50px;">0</div>
            </td>
            <td style="background-color: lightgreen; padding: 3px 3px 3px 0;" align="center">
               <div style="width: 50px;">0</div>
            </td>
            <td style="background-color: #FFFFBB; padding: 3px 3px 3px 0;" align="center">
               <div style="width: 50px;">4</div>
            </td>
            <td align="center" style="background-color: #eaf0f7; padding: 3px 3px 3px 0;">
               <div style="width: 50px;">4</div>
            </td>
            <td align="center"
                style="font-weight: bold; background-color: #eaf0f7; padding: 3px 3px 3px 0;">
               <div style="width: 50px;">0%</div>
            </td>
            <td style="background-color: #eaf0f7; padding: 3px 3px 3px 0;" align="center"
                nowrap="true">4s
               
            </td>
         </tr>
      </table>
      <div style="width: 200px;">
         <label for="groupMethodsCheckBox" style="font-weight: bold; margin: 0;">
            <input id="groupMethodsCheckBox" type="checkbox" onclick="switchTestMethodsView(this)"></input>
            Group by class
            
         </label>
         <br></br>
         <label for="methodsFilter_ALL" style="font-weight: bold; margin: 0;">
            <input id="methodsFilter_ALL" type="checkbox"
                   onclick="testMethodsFilterChanged(this, 'ALL')"></input>
            All
            
         </label>
      </div>
      <label for="methodsFilter_FAIL" style="margin-left: 20px;">
         <input id="methodsFilter_FAIL" type="checkbox"
                onclick="testMethodsFilterChanged(this, 'FAIL')"
                checked=""></input>
         Failed
         
      </label>
      <label for="methodsFilter_PASS">
         <input id="methodsFilter_PASS" type="checkbox"
                onclick="testMethodsFilterChanged(this, 'PASS')"
                checked=""></input>
         Passed
         
      </label>
      <label for="methodsFilter_SKIP">
         <input id="methodsFilter_SKIP" type="checkbox"
                onclick="testMethodsFilterChanged(this, 'SKIP')"
                checked=""></input>
         Skipped
         
      </label>
      <label for="methodsFilter_CONF">
         <input id="methodsFilter_CONF" type="checkbox"
                onclick="testMethodsFilterChanged(this, 'CONF')"></input>
         Config
         
      </label>
      <br></br>
      <div id="testMethodsByStatus">
         <table class="testMethodsTable" cellpadding="0" cellspacing="0">
            <tr class="methodsTableHeader">
               <td width="100%">Name</td>
               <td nowrap="true">Started</td>
               <td nowrap="true">Duration</td>
               <td>Exception</td>
            </tr>
            <tr id="tests.LoginTestOne_beforeMethod_byStatus_failed_FAIL1_row"
                class="testMethodStatusFAIL testMethodStatusCONF">
               <td width="100%" class="firstMethodCell">
                  <a onclick="toggleDetailsVisibility('tests.LoginTestOne_beforeMethod_byStatus_failed_FAIL1_details')">beforeMethod()</a>
               </td>
               <td nowrap="true">08:52:01</td>
               <td nowrap="true" align="right">4s
                  
               </td>
               <td nowrap="true">
                  <a onclick="toggleDetailsVisibility('tests.LoginTestOne_beforeMethod_byStatus_failed_FAIL1_exception')">org.openqa.selenium.SessionNotCreatedException: 
                     session not created: This version of ChromeDriver only supports Chrome version 93
                     Current browser version is 95.0.4638.69 with binary path C:\Program Files\Google\Chrome\Application\chrome.exe
                     Build info: version: '3.141.59', revision: 'e82be7d358', time: '2018-11-14T08:25:53'
                     System info: host: 'HP', ip: '192.168.56.1', os.name: 'Windows 8.1', os.arch: 'amd64', os.version: '6.3', java.version: '14.0.2'
                     Driver info: driver.version: ChromeDriver
                     remote stacktrace: Backtrace:
                     Ordinal0 [0x0048A2D3+2663123]
                     Ordinal0 [0x0041A491+2204817]
                     Ordinal0 [0x00302118+1057048]
                     Ordinal0 [0x0032041A+1180698]
                     Ordinal0 [0x0031C335+1164085]
                     Ordinal0 [0x00319B7F+1153919]
                     Ordinal0 [0x00349D8F+1351055]
                     Ordinal0 [0x003499FA+1350138]
                     Ordinal0 [0x0034589B+1333403]
                     Ordinal0 [0x00321F74+1187700]
                     Ordinal0 [0x00322DC9+1191369]
                     GetHandleVerifier [0x006230D6+1610054]
                     GetHandleVerifier [0x006CB53B+2299307]
                     GetHandleVerifier [0x00518DA9+519705]
                     GetHandleVerifier [0x00517759+513993]
                     Ordinal0 [0x0042112D+2232621]
                     Ordinal0 [0x004255F8+2250232]
                     Ordinal0 [0x00425732+2250546]
                     Ordinal0 [0x0042E591+2286993]
                     BaseThreadInitThunk [0x75326A14+36]
                     RtlInitializeExceptionChain [0x7763A9EF+143]
                     RtlInitializeExceptionChain [0x7763A9BA+90]
                     
                     
                  </a>
                   
                  
               </td>
            </tr>
            <tr>
               <td colspan="4" class="detailsBox">
                  <div id="tests.LoginTestOne_beforeMethod_byStatus_failed_FAIL1_details"
                       class="testMethodDetails">
                     <div>
                        <b>Name: </b>beforeMethod
                     </div>
                     <div>
                        <b>Signature: </b>beforeMethod()[pri:0, instance:tests.LoginTestOne@a2431d0]
                     </div>
                     <div>
                        <b>Start time: </b>08:52:01
                     </div>
                     <div>
                        <b>End time: </b>08:52:05
                     </div>
                     <div>
                        <b>Duration: </b>4s
                        
                     </div>
                  </div>
               </td>
            </tr>
            <tr>
               <td colspan="4" class="detailsBox">
                  <div id="tests.LoginTestOne_beforeMethod_byStatus_failed_FAIL1_exception"
                       class="testMethodDetails">
                     <pre style="padding: 5px; margin: 0;">org.openqa.selenium.SessionNotCreatedException: session not created: This version of ChromeDriver only supports Chrome version
                        93
                        Current browser version is 95.0.4638.69 with binary path C:\Program Files\Google\Chrome\Application\chrome.exe
                        Build info: version: '3.141.59', revision: 'e82be7d358', time: '2018-11-14T08:25:53'
                        System info: host: 'HP', ip: '192.168.56.1', os.name: 'Windows 8.1', os.arch: 'amd64', os.version: '6.3', java.version: '14.0.2'
                        Driver info: driver.version: ChromeDriver
                        remote stacktrace: Backtrace:
                        Ordinal0 [0x0048A2D3+2663123]
                        Ordinal0 [0x0041A491+2204817]
                        Ordinal0 [0x00302118+1057048]
                        Ordinal0 [0x0032041A+1180698]
                        Ordinal0 [0x0031C335+1164085]
                        Ordinal0 [0x00319B7F+1153919]
                        Ordinal0 [0x00349D8F+1351055]
                        Ordinal0 [0x003499FA+1350138]
                        Ordinal0 [0x0034589B+1333403]
                        Ordinal0 [0x00321F74+1187700]
                        Ordinal0 [0x00322DC9+1191369]
                        GetHandleVerifier [0x006230D6+1610054]
                        GetHandleVerifier [0x006CB53B+2299307]
                        GetHandleVerifier [0x00518DA9+519705]
                        GetHandleVerifier [0x00517759+513993]
                        Ordinal0 [0x0042112D+2232621]
                        Ordinal0 [0x004255F8+2250232]
                        Ordinal0 [0x00425732+2250546]
                        Ordinal0 [0x0042E591+2286993]
                        BaseThreadInitThunk [0x75326A14+36]
                        RtlInitializeExceptionChain [0x7763A9EF+143]
                        RtlInitializeExceptionChain [0x7763A9BA+90]
                        
                        at java.base/jdk.internal.reflect.NativeConstructorAccessorImpl.newInstance0(Native Method)
                        at java.base/jdk.internal.reflect.NativeConstructorAccessorImpl.newInstance(NativeConstructorAccessorImpl.java:62)
                        at java.base/jdk.internal.reflect.DelegatingConstructorAccessorImpl.newInstance(DelegatingConstructorAccessorImpl.java:45)
                        at java.base/java.lang.reflect.Constructor.newInstanceWithCaller(Constructor.java:500)
                        at java.base/java.lang.reflect.Constructor.newInstance(Constructor.java:481)
                        at org.openqa.selenium.remote.W3CHandshakeResponse.lambda$errorHandler$0(W3CHandshakeResponse.java:62)
                        at org.openqa.selenium.remote.HandshakeResponse.lambda$getResponseFunction$0(HandshakeResponse.java:30)
                        at org.openqa.selenium.remote.ProtocolHandshake.lambda$createSession$0(ProtocolHandshake.java:126)
                        at java.base/java.util.stream.ReferencePipeline$3$1.accept(ReferencePipeline.java:195)
                        at java.base/java.util.Spliterators$ArraySpliterator.tryAdvance(Spliterators.java:958)
                        at java.base/java.util.stream.ReferencePipeline.forEachWithCancel(ReferencePipeline.java:127)
                        at java.base/java.util.stream.AbstractPipeline.copyIntoWithCancel(AbstractPipeline.java:502)
                        at java.base/java.util.stream.AbstractPipeline.copyInto(AbstractPipeline.java:488)
                        at java.base/java.util.stream.AbstractPipeline.wrapAndCopyInto(AbstractPipeline.java:474)
                        at java.base/java.util.stream.FindOps$FindOp.evaluateSequential(FindOps.java:150)
                        at java.base/java.util.stream.AbstractPipeline.evaluate(AbstractPipeline.java:234)
                        at java.base/java.util.stream.ReferencePipeline.findFirst(ReferencePipeline.java:543)
                        at org.openqa.selenium.remote.ProtocolHandshake.createSession(ProtocolHandshake.java:128)
                        at org.openqa.selenium.remote.ProtocolHandshake.createSession(ProtocolHandshake.java:74)
                        at org.openqa.selenium.remote.HttpCommandExecutor.execute(HttpCommandExecutor.java:136)
                        at org.openqa.selenium.remote.service.DriverCommandExecutor.execute(DriverCommandExecutor.java:83)
                        at org.openqa.selenium.remote.RemoteWebDriver.execute(RemoteWebDriver.java:552)
                        at org.openqa.selenium.remote.RemoteWebDriver.startSession(RemoteWebDriver.java:213)
                        at org.openqa.selenium.remote.RemoteWebDriver.&lt;init&gt;(RemoteWebDriver.java:131)
                        at org.openqa.selenium.chrome.ChromeDriver.&lt;init&gt;(ChromeDriver.java:181)
                        at org.openqa.selenium.chrome.ChromeDriver.&lt;init&gt;(ChromeDriver.java:168)
                        at org.openqa.selenium.chrome.ChromeDriver.&lt;init&gt;(ChromeDriver.java:123)
                        at pages.LoginPageOne.openBrowser(LoginPageOne.java:27)
                        at tests.LoginTestOne.beforeMethod(LoginTestOne.java:28)
                        at java.base/jdk.internal.reflect.NativeMethodAccessorImpl.invoke0(Native Method)
                        at java.base/jdk.internal.reflect.NativeMethodAccessorImpl.invoke(NativeMethodAccessorImpl.java:62)
                        at java.base/jdk.internal.reflect.DelegatingMethodAccessorImpl.invoke(DelegatingMethodAccessorImpl.java:43)
                        at java.base/java.lang.reflect.Method.invoke(Method.java:564)
                        at org.testng.internal.MethodInvocationHelper.invokeMethod(MethodInvocationHelper.java:124)
                        at org.testng.internal.MethodInvocationHelper.invokeMethodConsideringTimeout(MethodInvocationHelper.java:59)
                        at org.testng.internal.Invoker.invokeConfigurationMethod(Invoker.java:455)
                        at org.testng.internal.Invoker.invokeConfigurations(Invoker.java:222)
                        at org.testng.internal.Invoker.invokeMethod(Invoker.java:520)
                        at org.testng.internal.Invoker.invokeTestMethod(Invoker.java:716)
                        at org.testng.internal.Invoker.invokeTestMethods(Invoker.java:988)
                        at org.testng.internal.TestMethodWorker.invokeTestMethods(TestMethodWorker.java:125)
                        at org.testng.internal.TestMethodWorker.run(TestMethodWorker.java:109)
                        at org.testng.TestRunner.privateRun(TestRunner.java:648)
                        at org.testng.TestRunner.run(TestRunner.java:505)
                        at org.testng.SuiteRunner.runTest(SuiteRunner.java:455)
                        at org.testng.SuiteRunner.runSequentially(SuiteRunner.java:450)
                        at org.testng.SuiteRunner.privateRun(SuiteRunner.java:415)
                        at org.testng.SuiteRunner.run(SuiteRunner.java:364)
                        at org.testng.SuiteRunnerWorker.runSuite(SuiteRunnerWorker.java:52)
                        at org.testng.SuiteRunnerWorker.run(SuiteRunnerWorker.java:84)
                        at org.testng.TestNG.runSuitesSequentially(TestNG.java:1208)
                        at org.testng.TestNG.runSuitesLocally(TestNG.java:1137)
                        at org.testng.TestNG.runSuites(TestNG.java:1049)
                        at org.testng.TestNG.run(TestNG.java:1017)
                        at org.testng.TestNG.privateMain(TestNG.java:1354)
                        at org.testng.TestNG.main(TestNG.java:1323)
                     </pre>
                  </div>
               </td>
            </tr>
            <tr id="tests.LoginTestOne_afterMethod_byStatus_skiped_SKIP1_row"
                class="testMethodStatusSKIP testMethodStatusCONF">
               <td width="100%" class="firstMethodCell">
                  <a onclick="toggleDetailsVisibility('tests.LoginTestOne_afterMethod_byStatus_skiped_SKIP1_details')">afterMethod()</a>
               </td>
               <td nowrap="true">08:52:05</td>
               <td nowrap="true" align="right">0 ms
                  
               </td>
               <td nowrap="true">
                   
                  
               </td>
            </tr>
            <tr>
               <td colspan="4" class="detailsBox">
                  <div id="tests.LoginTestOne_afterMethod_byStatus_skiped_SKIP1_details"
                       class="testMethodDetails">
                     <div>
                        <b>Name: </b>afterMethod
                     </div>
                     <div>
                        <b>Signature: </b>afterMethod()[pri:0, instance:tests.LoginTestOne@a2431d0]
                     </div>
                     <div>
                        <b>Start time: </b>08:52:05
                     </div>
                     <div>
                        <b>End time: </b>08:52:05
                     </div>
                     <div>
                        <b>Duration: </b>0 ms
                        
                     </div>
                  </div>
               </td>
            </tr>
            <tr></tr>
            <tr id="tests.LoginTestOne_testone_loginwithwrongemailpassword_byStatus_skiped_SKIP2_row"
                class="testMethodStatusSKIP">
               <td width="100%" class="firstMethodCell">
                  <a onclick="toggleDetailsVisibility('tests.LoginTestOne_testone_loginwithwrongemailpassword_byStatus_skiped_SKIP2_details')">testone_loginwithwrongemailpassword()</a>
               </td>
               <td nowrap="true">08:52:05</td>
               <td nowrap="true" align="right">0 ms
                  
               </td>
               <td nowrap="true">
                  <a onclick="toggleDetailsVisibility('tests.LoginTestOne_testone_loginwithwrongemailpassword_byStatus_skiped_SKIP2_exception')">org.openqa.selenium.SessionNotCreatedException: 
                     session not created: This version of ChromeDriver only supports Chrome version 93
                     Current browser version is 95.0.4638.69 with binary path C:\Program Files\Google\Chrome\Application\chrome.exe
                     Build info: version: '3.141.59', revision: 'e82be7d358', time: '2018-11-14T08:25:53'
                     System info: host: 'HP', ip: '192.168.56.1', os.name: 'Windows 8.1', os.arch: 'amd64', os.version: '6.3', java.version: '14.0.2'
                     Driver info: driver.version: ChromeDriver
                     remote stacktrace: Backtrace:
                     Ordinal0 [0x0048A2D3+2663123]
                     Ordinal0 [0x0041A491+2204817]
                     Ordinal0 [0x00302118+1057048]
                     Ordinal0 [0x0032041A+1180698]
                     Ordinal0 [0x0031C335+1164085]
                     Ordinal0 [0x00319B7F+1153919]
                     Ordinal0 [0x00349D8F+1351055]
                     Ordinal0 [0x003499FA+1350138]
                     Ordinal0 [0x0034589B+1333403]
                     Ordinal0 [0x00321F74+1187700]
                     Ordinal0 [0x00322DC9+1191369]
                     GetHandleVerifier [0x006230D6+1610054]
                     GetHandleVerifier [0x006CB53B+2299307]
                     GetHandleVerifier [0x00518DA9+519705]
                     GetHandleVerifier [0x00517759+513993]
                     Ordinal0 [0x0042112D+2232621]
                     Ordinal0 [0x004255F8+2250232]
                     Ordinal0 [0x00425732+2250546]
                     Ordinal0 [0x0042E591+2286993]
                     BaseThreadInitThunk [0x75326A14+36]
                     RtlInitializeExceptionChain [0x7763A9EF+143]
                     RtlInitializeExceptionChain [0x7763A9BA+90]
                     
                     
                  </a>
                   
                  
               </td>
            </tr>
            <tr>
               <td colspan="4" class="detailsBox">
                  <div id="tests.LoginTestOne_testone_loginwithwrongemailpassword_byStatus_skiped_SKIP2_details"
                       class="testMethodDetails">
                     <div>
                        <b>Name: </b>testone_loginwithwrongemailpassword
                     </div>
                     <div>
                        <b>Signature: </b>testone_loginwithwrongemailpassword()[pri:1, instance:tests.LoginTestOne@a2431d0]
                     </div>
                     <div>
                        <b>Start time: </b>08:52:05
                     </div>
                     <div>
                        <b>End time: </b>08:52:05
                     </div>
                     <div>
                        <b>Duration: </b>0 ms
                        
                     </div>
                  </div>
               </td>
            </tr>
            <tr>
               <td colspan="4" class="detailsBox">
                  <div id="tests.LoginTestOne_testone_loginwithwrongemailpassword_byStatus_skiped_SKIP2_exception"
                       class="testMethodDetails">
                     <pre style="padding: 5px; margin: 0;">org.openqa.selenium.SessionNotCreatedException: session not created: This version of ChromeDriver only supports Chrome version
                        93
                        Current browser version is 95.0.4638.69 with binary path C:\Program Files\Google\Chrome\Application\chrome.exe
                        Build info: version: '3.141.59', revision: 'e82be7d358', time: '2018-11-14T08:25:53'
                        System info: host: 'HP', ip: '192.168.56.1', os.name: 'Windows 8.1', os.arch: 'amd64', os.version: '6.3', java.version: '14.0.2'
                        Driver info: driver.version: ChromeDriver
                        remote stacktrace: Backtrace:
                        Ordinal0 [0x0048A2D3+2663123]
                        Ordinal0 [0x0041A491+2204817]
                        Ordinal0 [0x00302118+1057048]
                        Ordinal0 [0x0032041A+1180698]
                        Ordinal0 [0x0031C335+1164085]
                        Ordinal0 [0x00319B7F+1153919]
                        Ordinal0 [0x00349D8F+1351055]
                        Ordinal0 [0x003499FA+1350138]
                        Ordinal0 [0x0034589B+1333403]
                        Ordinal0 [0x00321F74+1187700]
                        Ordinal0 [0x00322DC9+1191369]
                        GetHandleVerifier [0x006230D6+1610054]
                        GetHandleVerifier [0x006CB53B+2299307]
                        GetHandleVerifier [0x00518DA9+519705]
                        GetHandleVerifier [0x00517759+513993]
                        Ordinal0 [0x0042112D+2232621]
                        Ordinal0 [0x004255F8+2250232]
                        Ordinal0 [0x00425732+2250546]
                        Ordinal0 [0x0042E591+2286993]
                        BaseThreadInitThunk [0x75326A14+36]
                        RtlInitializeExceptionChain [0x7763A9EF+143]
                        RtlInitializeExceptionChain [0x7763A9BA+90]
                        
                        at java.base/jdk.internal.reflect.NativeConstructorAccessorImpl.newInstance0(Native Method)
                        at java.base/jdk.internal.reflect.NativeConstructorAccessorImpl.newInstance(NativeConstructorAccessorImpl.java:62)
                        at java.base/jdk.internal.reflect.DelegatingConstructorAccessorImpl.newInstance(DelegatingConstructorAccessorImpl.java:45)
                        at java.base/java.lang.reflect.Constructor.newInstanceWithCaller(Constructor.java:500)
                        at java.base/java.lang.reflect.Constructor.newInstance(Constructor.java:481)
                        at org.openqa.selenium.remote.W3CHandshakeResponse.lambda$errorHandler$0(W3CHandshakeResponse.java:62)
                        at org.openqa.selenium.remote.HandshakeResponse.lambda$getResponseFunction$0(HandshakeResponse.java:30)
                        at org.openqa.selenium.remote.ProtocolHandshake.lambda$createSession$0(ProtocolHandshake.java:126)
                        at java.base/java.util.stream.ReferencePipeline$3$1.accept(ReferencePipeline.java:195)
                        at java.base/java.util.Spliterators$ArraySpliterator.tryAdvance(Spliterators.java:958)
                        at java.base/java.util.stream.ReferencePipeline.forEachWithCancel(ReferencePipeline.java:127)
                        at java.base/java.util.stream.AbstractPipeline.copyIntoWithCancel(AbstractPipeline.java:502)
                        at java.base/java.util.stream.AbstractPipeline.copyInto(AbstractPipeline.java:488)
                        at java.base/java.util.stream.AbstractPipeline.wrapAndCopyInto(AbstractPipeline.java:474)
                        at java.base/java.util.stream.FindOps$FindOp.evaluateSequential(FindOps.java:150)
                        at java.base/java.util.stream.AbstractPipeline.evaluate(AbstractPipeline.java:234)
                        at java.base/java.util.stream.ReferencePipeline.findFirst(ReferencePipeline.java:543)
                        at org.openqa.selenium.remote.ProtocolHandshake.createSession(ProtocolHandshake.java:128)
                        at org.openqa.selenium.remote.ProtocolHandshake.createSession(ProtocolHandshake.java:74)
                        at org.openqa.selenium.remote.HttpCommandExecutor.execute(HttpCommandExecutor.java:136)
                        at org.openqa.selenium.remote.service.DriverCommandExecutor.execute(DriverCommandExecutor.java:83)
                        at org.openqa.selenium.remote.RemoteWebDriver.execute(RemoteWebDriver.java:552)
                        at org.openqa.selenium.remote.RemoteWebDriver.startSession(RemoteWebDriver.java:213)
                        at org.openqa.selenium.remote.RemoteWebDriver.&lt;init&gt;(RemoteWebDriver.java:131)
                        at org.openqa.selenium.chrome.ChromeDriver.&lt;init&gt;(ChromeDriver.java:181)
                        at org.openqa.selenium.chrome.ChromeDriver.&lt;init&gt;(ChromeDriver.java:168)
                        at org.openqa.selenium.chrome.ChromeDriver.&lt;init&gt;(ChromeDriver.java:123)
                        at pages.LoginPageOne.openBrowser(LoginPageOne.java:27)
                        at tests.LoginTestOne.beforeMethod(LoginTestOne.java:28)
                        at java.base/jdk.internal.reflect.NativeMethodAccessorImpl.invoke0(Native Method)
                        at java.base/jdk.internal.reflect.NativeMethodAccessorImpl.invoke(NativeMethodAccessorImpl.java:62)
                        at java.base/jdk.internal.reflect.DelegatingMethodAccessorImpl.invoke(DelegatingMethodAccessorImpl.java:43)
                        at java.base/java.lang.reflect.Method.invoke(Method.java:564)
                        at org.testng.internal.MethodInvocationHelper.invokeMethod(MethodInvocationHelper.java:124)
                        at org.testng.internal.MethodInvocationHelper.invokeMethodConsideringTimeout(MethodInvocationHelper.java:59)
                        at org.testng.internal.Invoker.invokeConfigurationMethod(Invoker.java:455)
                        at org.testng.internal.Invoker.invokeConfigurations(Invoker.java:222)
                        at org.testng.internal.Invoker.invokeMethod(Invoker.java:520)
                        at org.testng.internal.Invoker.invokeTestMethod(Invoker.java:716)
                        at org.testng.internal.Invoker.invokeTestMethods(Invoker.java:988)
                        at org.testng.internal.TestMethodWorker.invokeTestMethods(TestMethodWorker.java:125)
                        at org.testng.internal.TestMethodWorker.run(TestMethodWorker.java:109)
                        at org.testng.TestRunner.privateRun(TestRunner.java:648)
                        at org.testng.TestRunner.run(TestRunner.java:505)
                        at org.testng.SuiteRunner.runTest(SuiteRunner.java:455)
                        at org.testng.SuiteRunner.runSequentially(SuiteRunner.java:450)
                        at org.testng.SuiteRunner.privateRun(SuiteRunner.java:415)
                        at org.testng.SuiteRunner.run(SuiteRunner.java:364)
                        at org.testng.SuiteRunnerWorker.runSuite(SuiteRunnerWorker.java:52)
                        at org.testng.SuiteRunnerWorker.run(SuiteRunnerWorker.java:84)
                        at org.testng.TestNG.runSuitesSequentially(TestNG.java:1208)
                        at org.testng.TestNG.runSuitesLocally(TestNG.java:1137)
                        at org.testng.TestNG.runSuites(TestNG.java:1049)
                        at org.testng.TestNG.run(TestNG.java:1017)
                        at org.testng.TestNG.privateMain(TestNG.java:1354)
                        at org.testng.TestNG.main(TestNG.java:1323)
                     </pre>
                  </div>
               </td>
            </tr>
            <tr id="tests.LoginTestOne_testtwo_loginwithemptyemail_byStatus_skiped_SKIP3_row"
                class="testMethodStatusSKIP">
               <td width="100%" class="firstMethodCell">
                  <a onclick="toggleDetailsVisibility('tests.LoginTestOne_testtwo_loginwithemptyemail_byStatus_skiped_SKIP3_details')">testtwo_loginwithemptyemail()</a>
               </td>
               <td nowrap="true">08:52:05</td>
               <td nowrap="true" align="right">0 ms
                  
               </td>
               <td nowrap="true">
                  <a onclick="toggleDetailsVisibility('tests.LoginTestOne_testtwo_loginwithemptyemail_byStatus_skiped_SKIP3_exception')">org.openqa.selenium.SessionNotCreatedException: 
                     session not created: This version of ChromeDriver only supports Chrome version 93
                     Current browser version is 95.0.4638.69 with binary path C:\Program Files\Google\Chrome\Application\chrome.exe
                     Build info: version: '3.141.59', revision: 'e82be7d358', time: '2018-11-14T08:25:53'
                     System info: host: 'HP', ip: '192.168.56.1', os.name: 'Windows 8.1', os.arch: 'amd64', os.version: '6.3', java.version: '14.0.2'
                     Driver info: driver.version: ChromeDriver
                     remote stacktrace: Backtrace:
                     Ordinal0 [0x0048A2D3+2663123]
                     Ordinal0 [0x0041A491+2204817]
                     Ordinal0 [0x00302118+1057048]
                     Ordinal0 [0x0032041A+1180698]
                     Ordinal0 [0x0031C335+1164085]
                     Ordinal0 [0x00319B7F+1153919]
                     Ordinal0 [0x00349D8F+1351055]
                     Ordinal0 [0x003499FA+1350138]
                     Ordinal0 [0x0034589B+1333403]
                     Ordinal0 [0x00321F74+1187700]
                     Ordinal0 [0x00322DC9+1191369]
                     GetHandleVerifier [0x006230D6+1610054]
                     GetHandleVerifier [0x006CB53B+2299307]
                     GetHandleVerifier [0x00518DA9+519705]
                     GetHandleVerifier [0x00517759+513993]
                     Ordinal0 [0x0042112D+2232621]
                     Ordinal0 [0x004255F8+2250232]
                     Ordinal0 [0x00425732+2250546]
                     Ordinal0 [0x0042E591+2286993]
                     BaseThreadInitThunk [0x75326A14+36]
                     RtlInitializeExceptionChain [0x7763A9EF+143]
                     RtlInitializeExceptionChain [0x7763A9BA+90]
                     
                     
                  </a>
                   
                  
               </td>
            </tr>
            <tr>
               <td colspan="4" class="detailsBox">
                  <div id="tests.LoginTestOne_testtwo_loginwithemptyemail_byStatus_skiped_SKIP3_details"
                       class="testMethodDetails">
                     <div>
                        <b>Name: </b>testtwo_loginwithemptyemail
                     </div>
                     <div>
                        <b>Signature: </b>testtwo_loginwithemptyemail()[pri:2, instance:tests.LoginTestOne@a2431d0]
                     </div>
                     <div>
                        <b>Start time: </b>08:52:05
                     </div>
                     <div>
                        <b>End time: </b>08:52:05
                     </div>
                     <div>
                        <b>Duration: </b>0 ms
                        
                     </div>
                  </div>
               </td>
            </tr>
            <tr>
               <td colspan="4" class="detailsBox">
                  <div id="tests.LoginTestOne_testtwo_loginwithemptyemail_byStatus_skiped_SKIP3_exception"
                       class="testMethodDetails">
                     <pre style="padding: 5px; margin: 0;">org.openqa.selenium.SessionNotCreatedException: session not created: This version of ChromeDriver only supports Chrome version
                        93
                        Current browser version is 95.0.4638.69 with binary path C:\Program Files\Google\Chrome\Application\chrome.exe
                        Build info: version: '3.141.59', revision: 'e82be7d358', time: '2018-11-14T08:25:53'
                        System info: host: 'HP', ip: '192.168.56.1', os.name: 'Windows 8.1', os.arch: 'amd64', os.version: '6.3', java.version: '14.0.2'
                        Driver info: driver.version: ChromeDriver
                        remote stacktrace: Backtrace:
                        Ordinal0 [0x0048A2D3+2663123]
                        Ordinal0 [0x0041A491+2204817]
                        Ordinal0 [0x00302118+1057048]
                        Ordinal0 [0x0032041A+1180698]
                        Ordinal0 [0x0031C335+1164085]
                        Ordinal0 [0x00319B7F+1153919]
                        Ordinal0 [0x00349D8F+1351055]
                        Ordinal0 [0x003499FA+1350138]
                        Ordinal0 [0x0034589B+1333403]
                        Ordinal0 [0x00321F74+1187700]
                        Ordinal0 [0x00322DC9+1191369]
                        GetHandleVerifier [0x006230D6+1610054]
                        GetHandleVerifier [0x006CB53B+2299307]
                        GetHandleVerifier [0x00518DA9+519705]
                        GetHandleVerifier [0x00517759+513993]
                        Ordinal0 [0x0042112D+2232621]
                        Ordinal0 [0x004255F8+2250232]
                        Ordinal0 [0x00425732+2250546]
                        Ordinal0 [0x0042E591+2286993]
                        BaseThreadInitThunk [0x75326A14+36]
                        RtlInitializeExceptionChain [0x7763A9EF+143]
                        RtlInitializeExceptionChain [0x7763A9BA+90]
                        
                        at java.base/jdk.internal.reflect.NativeConstructorAccessorImpl.newInstance0(Native Method)
                        at java.base/jdk.internal.reflect.NativeConstructorAccessorImpl.newInstance(NativeConstructorAccessorImpl.java:62)
                        at java.base/jdk.internal.reflect.DelegatingConstructorAccessorImpl.newInstance(DelegatingConstructorAccessorImpl.java:45)
                        at java.base/java.lang.reflect.Constructor.newInstanceWithCaller(Constructor.java:500)
                        at java.base/java.lang.reflect.Constructor.newInstance(Constructor.java:481)
                        at org.openqa.selenium.remote.W3CHandshakeResponse.lambda$errorHandler$0(W3CHandshakeResponse.java:62)
                        at org.openqa.selenium.remote.HandshakeResponse.lambda$getResponseFunction$0(HandshakeResponse.java:30)
                        at org.openqa.selenium.remote.ProtocolHandshake.lambda$createSession$0(ProtocolHandshake.java:126)
                        at java.base/java.util.stream.ReferencePipeline$3$1.accept(ReferencePipeline.java:195)
                        at java.base/java.util.Spliterators$ArraySpliterator.tryAdvance(Spliterators.java:958)
                        at java.base/java.util.stream.ReferencePipeline.forEachWithCancel(ReferencePipeline.java:127)
                        at java.base/java.util.stream.AbstractPipeline.copyIntoWithCancel(AbstractPipeline.java:502)
                        at java.base/java.util.stream.AbstractPipeline.copyInto(AbstractPipeline.java:488)
                        at java.base/java.util.stream.AbstractPipeline.wrapAndCopyInto(AbstractPipeline.java:474)
                        at java.base/java.util.stream.FindOps$FindOp.evaluateSequential(FindOps.java:150)
                        at java.base/java.util.stream.AbstractPipeline.evaluate(AbstractPipeline.java:234)
                        at java.base/java.util.stream.ReferencePipeline.findFirst(ReferencePipeline.java:543)
                        at org.openqa.selenium.remote.ProtocolHandshake.createSession(ProtocolHandshake.java:128)
                        at org.openqa.selenium.remote.ProtocolHandshake.createSession(ProtocolHandshake.java:74)
                        at org.openqa.selenium.remote.HttpCommandExecutor.execute(HttpCommandExecutor.java:136)
                        at org.openqa.selenium.remote.service.DriverCommandExecutor.execute(DriverCommandExecutor.java:83)
                        at org.openqa.selenium.remote.RemoteWebDriver.execute(RemoteWebDriver.java:552)
                        at org.openqa.selenium.remote.RemoteWebDriver.startSession(RemoteWebDriver.java:213)
                        at org.openqa.selenium.remote.RemoteWebDriver.&lt;init&gt;(RemoteWebDriver.java:131)
                        at org.openqa.selenium.chrome.ChromeDriver.&lt;init&gt;(ChromeDriver.java:181)
                        at org.openqa.selenium.chrome.ChromeDriver.&lt;init&gt;(ChromeDriver.java:168)
                        at org.openqa.selenium.chrome.ChromeDriver.&lt;init&gt;(ChromeDriver.java:123)
                        at pages.LoginPageOne.openBrowser(LoginPageOne.java:27)
                        at tests.LoginTestOne.beforeMethod(LoginTestOne.java:28)
                        at java.base/jdk.internal.reflect.NativeMethodAccessorImpl.invoke0(Native Method)
                        at java.base/jdk.internal.reflect.NativeMethodAccessorImpl.invoke(NativeMethodAccessorImpl.java:62)
                        at java.base/jdk.internal.reflect.DelegatingMethodAccessorImpl.invoke(DelegatingMethodAccessorImpl.java:43)
                        at java.base/java.lang.reflect.Method.invoke(Method.java:564)
                        at org.testng.internal.MethodInvocationHelper.invokeMethod(MethodInvocationHelper.java:124)
                        at org.testng.internal.MethodInvocationHelper.invokeMethodConsideringTimeout(MethodInvocationHelper.java:59)
                        at org.testng.internal.Invoker.invokeConfigurationMethod(Invoker.java:455)
                        at org.testng.internal.Invoker.invokeConfigurations(Invoker.java:222)
                        at org.testng.internal.Invoker.invokeMethod(Invoker.java:520)
                        at org.testng.internal.Invoker.invokeTestMethod(Invoker.java:716)
                        at org.testng.internal.Invoker.invokeTestMethods(Invoker.java:988)
                        at org.testng.internal.TestMethodWorker.invokeTestMethods(TestMethodWorker.java:125)
                        at org.testng.internal.TestMethodWorker.run(TestMethodWorker.java:109)
                        at org.testng.TestRunner.privateRun(TestRunner.java:648)
                        at org.testng.TestRunner.run(TestRunner.java:505)
                        at org.testng.SuiteRunner.runTest(SuiteRunner.java:455)
                        at org.testng.SuiteRunner.runSequentially(SuiteRunner.java:450)
                        at org.testng.SuiteRunner.privateRun(SuiteRunner.java:415)
                        at org.testng.SuiteRunner.run(SuiteRunner.java:364)
                        at org.testng.SuiteRunnerWorker.runSuite(SuiteRunnerWorker.java:52)
                        at org.testng.SuiteRunnerWorker.run(SuiteRunnerWorker.java:84)
                        at org.testng.TestNG.runSuitesSequentially(TestNG.java:1208)
                        at org.testng.TestNG.runSuitesLocally(TestNG.java:1137)
                        at org.testng.TestNG.runSuites(TestNG.java:1049)
                        at org.testng.TestNG.run(TestNG.java:1017)
                        at org.testng.TestNG.privateMain(TestNG.java:1354)
                        at org.testng.TestNG.main(TestNG.java:1323)
                     </pre>
                  </div>
               </td>
            </tr>
            <tr id="tests.LoginTestOne_afterMethod_byStatus_skiped_SKIP4_row"
                class="testMethodStatusSKIP testMethodStatusCONF">
               <td width="100%" class="firstMethodCell">
                  <a onclick="toggleDetailsVisibility('tests.LoginTestOne_afterMethod_byStatus_skiped_SKIP4_details')">afterMethod()</a>
               </td>
               <td nowrap="true">08:52:05</td>
               <td nowrap="true" align="right">0 ms
                  
               </td>
               <td nowrap="true">
                   
                  
               </td>
            </tr>
            <tr>
               <td colspan="4" class="detailsBox">
                  <div id="tests.LoginTestOne_afterMethod_byStatus_skiped_SKIP4_details"
                       class="testMethodDetails">
                     <div>
                        <b>Name: </b>afterMethod
                     </div>
                     <div>
                        <b>Signature: </b>afterMethod()[pri:0, instance:tests.LoginTestOne@a2431d0]
                     </div>
                     <div>
                        <b>Start time: </b>08:52:05
                     </div>
                     <div>
                        <b>End time: </b>08:52:05
                     </div>
                     <div>
                        <b>Duration: </b>0 ms
                        
                     </div>
                  </div>
               </td>
            </tr>
            <tr></tr>
            <tr id="tests.LoginTestOne_testthree_loginwithemptypassword_byStatus_skiped_SKIP5_row"
                class="testMethodStatusSKIP">
               <td width="100%" class="firstMethodCell">
                  <a onclick="toggleDetailsVisibility('tests.LoginTestOne_testthree_loginwithemptypassword_byStatus_skiped_SKIP5_details')">testthree_loginwithemptypassword()</a>
               </td>
               <td nowrap="true">08:52:05</td>
               <td nowrap="true" align="right">0 ms
                  
               </td>
               <td nowrap="true">
                  <a onclick="toggleDetailsVisibility('tests.LoginTestOne_testthree_loginwithemptypassword_byStatus_skiped_SKIP5_exception')">org.openqa.selenium.SessionNotCreatedException: 
                     session not created: This version of ChromeDriver only supports Chrome version 93
                     Current browser version is 95.0.4638.69 with binary path C:\Program Files\Google\Chrome\Application\chrome.exe
                     Build info: version: '3.141.59', revision: 'e82be7d358', time: '2018-11-14T08:25:53'
                     System info: host: 'HP', ip: '192.168.56.1', os.name: 'Windows 8.1', os.arch: 'amd64', os.version: '6.3', java.version: '14.0.2'
                     Driver info: driver.version: ChromeDriver
                     remote stacktrace: Backtrace:
                     Ordinal0 [0x0048A2D3+2663123]
                     Ordinal0 [0x0041A491+2204817]
                     Ordinal0 [0x00302118+1057048]
                     Ordinal0 [0x0032041A+1180698]
                     Ordinal0 [0x0031C335+1164085]
                     Ordinal0 [0x00319B7F+1153919]
                     Ordinal0 [0x00349D8F+1351055]
                     Ordinal0 [0x003499FA+1350138]
                     Ordinal0 [0x0034589B+1333403]
                     Ordinal0 [0x00321F74+1187700]
                     Ordinal0 [0x00322DC9+1191369]
                     GetHandleVerifier [0x006230D6+1610054]
                     GetHandleVerifier [0x006CB53B+2299307]
                     GetHandleVerifier [0x00518DA9+519705]
                     GetHandleVerifier [0x00517759+513993]
                     Ordinal0 [0x0042112D+2232621]
                     Ordinal0 [0x004255F8+2250232]
                     Ordinal0 [0x00425732+2250546]
                     Ordinal0 [0x0042E591+2286993]
                     BaseThreadInitThunk [0x75326A14+36]
                     RtlInitializeExceptionChain [0x7763A9EF+143]
                     RtlInitializeExceptionChain [0x7763A9BA+90]
                     
                     
                  </a>
                   
                  
               </td>
            </tr>
            <tr>
               <td colspan="4" class="detailsBox">
                  <div id="tests.LoginTestOne_testthree_loginwithemptypassword_byStatus_skiped_SKIP5_details"
                       class="testMethodDetails">
                     <div>
                        <b>Name: </b>testthree_loginwithemptypassword
                     </div>
                     <div>
                        <b>Signature: </b>testthree_loginwithemptypassword()[pri:3, instance:tests.LoginTestOne@a2431d0]
                     </div>
                     <div>
                        <b>Start time: </b>08:52:05
                     </div>
                     <div>
                        <b>End time: </b>08:52:05
                     </div>
                     <div>
                        <b>Duration: </b>0 ms
                        
                     </div>
                  </div>
               </td>
            </tr>
            <tr>
               <td colspan="4" class="detailsBox">
                  <div id="tests.LoginTestOne_testthree_loginwithemptypassword_byStatus_skiped_SKIP5_exception"
                       class="testMethodDetails">
                     <pre style="padding: 5px; margin: 0;">org.openqa.selenium.SessionNotCreatedException: session not created: This version of ChromeDriver only supports Chrome version
                        93
                        Current browser version is 95.0.4638.69 with binary path C:\Program Files\Google\Chrome\Application\chrome.exe
                        Build info: version: '3.141.59', revision: 'e82be7d358', time: '2018-11-14T08:25:53'
                        System info: host: 'HP', ip: '192.168.56.1', os.name: 'Windows 8.1', os.arch: 'amd64', os.version: '6.3', java.version: '14.0.2'
                        Driver info: driver.version: ChromeDriver
                        remote stacktrace: Backtrace:
                        Ordinal0 [0x0048A2D3+2663123]
                        Ordinal0 [0x0041A491+2204817]
                        Ordinal0 [0x00302118+1057048]
                        Ordinal0 [0x0032041A+1180698]
                        Ordinal0 [0x0031C335+1164085]
                        Ordinal0 [0x00319B7F+1153919]
                        Ordinal0 [0x00349D8F+1351055]
                        Ordinal0 [0x003499FA+1350138]
                        Ordinal0 [0x0034589B+1333403]
                        Ordinal0 [0x00321F74+1187700]
                        Ordinal0 [0x00322DC9+1191369]
                        GetHandleVerifier [0x006230D6+1610054]
                        GetHandleVerifier [0x006CB53B+2299307]
                        GetHandleVerifier [0x00518DA9+519705]
                        GetHandleVerifier [0x00517759+513993]
                        Ordinal0 [0x0042112D+2232621]
                        Ordinal0 [0x004255F8+2250232]
                        Ordinal0 [0x00425732+2250546]
                        Ordinal0 [0x0042E591+2286993]
                        BaseThreadInitThunk [0x75326A14+36]
                        RtlInitializeExceptionChain [0x7763A9EF+143]
                        RtlInitializeExceptionChain [0x7763A9BA+90]
                        
                        at java.base/jdk.internal.reflect.NativeConstructorAccessorImpl.newInstance0(Native Method)
                        at java.base/jdk.internal.reflect.NativeConstructorAccessorImpl.newInstance(NativeConstructorAccessorImpl.java:62)
                        at java.base/jdk.internal.reflect.DelegatingConstructorAccessorImpl.newInstance(DelegatingConstructorAccessorImpl.java:45)
                        at java.base/java.lang.reflect.Constructor.newInstanceWithCaller(Constructor.java:500)
                        at java.base/java.lang.reflect.Constructor.newInstance(Constructor.java:481)
                        at org.openqa.selenium.remote.W3CHandshakeResponse.lambda$errorHandler$0(W3CHandshakeResponse.java:62)
                        at org.openqa.selenium.remote.HandshakeResponse.lambda$getResponseFunction$0(HandshakeResponse.java:30)
                        at org.openqa.selenium.remote.ProtocolHandshake.lambda$createSession$0(ProtocolHandshake.java:126)
                        at java.base/java.util.stream.ReferencePipeline$3$1.accept(ReferencePipeline.java:195)
                        at java.base/java.util.Spliterators$ArraySpliterator.tryAdvance(Spliterators.java:958)
                        at java.base/java.util.stream.ReferencePipeline.forEachWithCancel(ReferencePipeline.java:127)
                        at java.base/java.util.stream.AbstractPipeline.copyIntoWithCancel(AbstractPipeline.java:502)
                        at java.base/java.util.stream.AbstractPipeline.copyInto(AbstractPipeline.java:488)
                        at java.base/java.util.stream.AbstractPipeline.wrapAndCopyInto(AbstractPipeline.java:474)
                        at java.base/java.util.stream.FindOps$FindOp.evaluateSequential(FindOps.java:150)
                        at java.base/java.util.stream.AbstractPipeline.evaluate(AbstractPipeline.java:234)
                        at java.base/java.util.stream.ReferencePipeline.findFirst(ReferencePipeline.java:543)
                        at org.openqa.selenium.remote.ProtocolHandshake.createSession(ProtocolHandshake.java:128)
                        at org.openqa.selenium.remote.ProtocolHandshake.createSession(ProtocolHandshake.java:74)
                        at org.openqa.selenium.remote.HttpCommandExecutor.execute(HttpCommandExecutor.java:136)
                        at org.openqa.selenium.remote.service.DriverCommandExecutor.execute(DriverCommandExecutor.java:83)
                        at org.openqa.selenium.remote.RemoteWebDriver.execute(RemoteWebDriver.java:552)
                        at org.openqa.selenium.remote.RemoteWebDriver.startSession(RemoteWebDriver.java:213)
                        at org.openqa.selenium.remote.RemoteWebDriver.&lt;init&gt;(RemoteWebDriver.java:131)
                        at org.openqa.selenium.chrome.ChromeDriver.&lt;init&gt;(ChromeDriver.java:181)
                        at org.openqa.selenium.chrome.ChromeDriver.&lt;init&gt;(ChromeDriver.java:168)
                        at org.openqa.selenium.chrome.ChromeDriver.&lt;init&gt;(ChromeDriver.java:123)
                        at pages.LoginPageOne.openBrowser(LoginPageOne.java:27)
                        at tests.LoginTestOne.beforeMethod(LoginTestOne.java:28)
                        at java.base/jdk.internal.reflect.NativeMethodAccessorImpl.invoke0(Native Method)
                        at java.base/jdk.internal.reflect.NativeMethodAccessorImpl.invoke(NativeMethodAccessorImpl.java:62)
                        at java.base/jdk.internal.reflect.DelegatingMethodAccessorImpl.invoke(DelegatingMethodAccessorImpl.java:43)
                        at java.base/java.lang.reflect.Method.invoke(Method.java:564)
                        at org.testng.internal.MethodInvocationHelper.invokeMethod(MethodInvocationHelper.java:124)
                        at org.testng.internal.MethodInvocationHelper.invokeMethodConsideringTimeout(MethodInvocationHelper.java:59)
                        at org.testng.internal.Invoker.invokeConfigurationMethod(Invoker.java:455)
                        at org.testng.internal.Invoker.invokeConfigurations(Invoker.java:222)
                        at org.testng.internal.Invoker.invokeMethod(Invoker.java:520)
                        at org.testng.internal.Invoker.invokeTestMethod(Invoker.java:716)
                        at org.testng.internal.Invoker.invokeTestMethods(Invoker.java:988)
                        at org.testng.internal.TestMethodWorker.invokeTestMethods(TestMethodWorker.java:125)
                        at org.testng.internal.TestMethodWorker.run(TestMethodWorker.java:109)
                        at org.testng.TestRunner.privateRun(TestRunner.java:648)
                        at org.testng.TestRunner.run(TestRunner.java:505)
                        at org.testng.SuiteRunner.runTest(SuiteRunner.java:455)
                        at org.testng.SuiteRunner.runSequentially(SuiteRunner.java:450)
                        at org.testng.SuiteRunner.privateRun(SuiteRunner.java:415)
                        at org.testng.SuiteRunner.run(SuiteRunner.java:364)
                        at org.testng.SuiteRunnerWorker.runSuite(SuiteRunnerWorker.java:52)
                        at org.testng.SuiteRunnerWorker.run(SuiteRunnerWorker.java:84)
                        at org.testng.TestNG.runSuitesSequentially(TestNG.java:1208)
                        at org.testng.TestNG.runSuitesLocally(TestNG.java:1137)
                        at org.testng.TestNG.runSuites(TestNG.java:1049)
                        at org.testng.TestNG.run(TestNG.java:1017)
                        at org.testng.TestNG.privateMain(TestNG.java:1354)
                        at org.testng.TestNG.main(TestNG.java:1323)
                     </pre>
                  </div>
               </td>
            </tr>
            <tr id="tests.LoginTestOne_beforeMethod_byStatus_skiped_SKIP6_row"
                class="testMethodStatusSKIP testMethodStatusCONF">
               <td width="100%" class="firstMethodCell">
                  <a onclick="toggleDetailsVisibility('tests.LoginTestOne_beforeMethod_byStatus_skiped_SKIP6_details')">beforeMethod()</a>
               </td>
               <td nowrap="true">08:52:05</td>
               <td nowrap="true" align="right">0 ms
                  
               </td>
               <td nowrap="true">
                   
                  
               </td>
            </tr>
            <tr>
               <td colspan="4" class="detailsBox">
                  <div id="tests.LoginTestOne_beforeMethod_byStatus_skiped_SKIP6_details"
                       class="testMethodDetails">
                     <div>
                        <b>Name: </b>beforeMethod
                     </div>
                     <div>
                        <b>Signature: </b>beforeMethod()[pri:0, instance:tests.LoginTestOne@a2431d0]
                     </div>
                     <div>
                        <b>Start time: </b>08:52:05
                     </div>
                     <div>
                        <b>End time: </b>08:52:05
                     </div>
                     <div>
                        <b>Duration: </b>0 ms
                        
                     </div>
                  </div>
               </td>
            </tr>
            <tr></tr>
            <tr id="tests.LoginTestOne_afterMethod_byStatus_skiped_SKIP7_row"
                class="testMethodStatusSKIP testMethodStatusCONF">
               <td width="100%" class="firstMethodCell">
                  <a onclick="toggleDetailsVisibility('tests.LoginTestOne_afterMethod_byStatus_skiped_SKIP7_details')">afterMethod()</a>
               </td>
               <td nowrap="true">08:52:05</td>
               <td nowrap="true" align="right">0 ms
                  
               </td>
               <td nowrap="true">
                   
                  
               </td>
            </tr>
            <tr>
               <td colspan="4" class="detailsBox">
                  <div id="tests.LoginTestOne_afterMethod_byStatus_skiped_SKIP7_details"
                       class="testMethodDetails">
                     <div>
                        <b>Name: </b>afterMethod
                     </div>
                     <div>
                        <b>Signature: </b>afterMethod()[pri:0, instance:tests.LoginTestOne@a2431d0]
                     </div>
                     <div>
                        <b>Start time: </b>08:52:05
                     </div>
                     <div>
                        <b>End time: </b>08:52:05
                     </div>
                     <div>
                        <b>Duration: </b>0 ms
                        
                     </div>
                  </div>
               </td>
            </tr>
            <tr></tr>
            <tr id="tests.LoginTestOne_beforeMethod_byStatus_skiped_SKIP8_row"
                class="testMethodStatusSKIP testMethodStatusCONF">
               <td width="100%" class="firstMethodCell">
                  <a onclick="toggleDetailsVisibility('tests.LoginTestOne_beforeMethod_byStatus_skiped_SKIP8_details')">beforeMethod()</a>
               </td>
               <td nowrap="true">08:52:05</td>
               <td nowrap="true" align="right">0 ms
                  
               </td>
               <td nowrap="true">
                   
                  
               </td>
            </tr>
            <tr>
               <td colspan="4" class="detailsBox">
                  <div id="tests.LoginTestOne_beforeMethod_byStatus_skiped_SKIP8_details"
                       class="testMethodDetails">
                     <div>
                        <b>Name: </b>beforeMethod
                     </div>
                     <div>
                        <b>Signature: </b>beforeMethod()[pri:0, instance:tests.LoginTestOne@a2431d0]
                     </div>
                     <div>
                        <b>Start time: </b>08:52:05
                     </div>
                     <div>
                        <b>End time: </b>08:52:05
                     </div>
                     <div>
                        <b>Duration: </b>0 ms
                        
                     </div>
                  </div>
               </td>
            </tr>
            <tr></tr>
            <tr id="tests.LoginTestOne_afterMethod_byStatus_skiped_SKIP9_row"
                class="testMethodStatusSKIP testMethodStatusCONF">
               <td width="100%" class="firstMethodCell">
                  <a onclick="toggleDetailsVisibility('tests.LoginTestOne_afterMethod_byStatus_skiped_SKIP9_details')">afterMethod()</a>
               </td>
               <td nowrap="true">08:52:05</td>
               <td nowrap="true" align="right">0 ms
                  
               </td>
               <td nowrap="true">
                   
                  
               </td>
            </tr>
            <tr>
               <td colspan="4" class="detailsBox">
                  <div id="tests.LoginTestOne_afterMethod_byStatus_skiped_SKIP9_details"
                       class="testMethodDetails">
                     <div>
                        <b>Name: </b>afterMethod
                     </div>
                     <div>
                        <b>Signature: </b>afterMethod()[pri:0, instance:tests.LoginTestOne@a2431d0]
                     </div>
                     <div>
                        <b>Start time: </b>08:52:05
                     </div>
                     <div>
                        <b>End time: </b>08:52:05
                     </div>
                     <div>
                        <b>Duration: </b>0 ms
                        
                     </div>
                  </div>
               </td>
            </tr>
            <tr></tr>
            <tr id="tests.LoginTestOne_testfour_loginwithinvalidemail_byStatus_skiped_SKIP10_row"
                class="testMethodStatusSKIP">
               <td width="100%" class="firstMethodCell">
                  <a onclick="toggleDetailsVisibility('tests.LoginTestOne_testfour_loginwithinvalidemail_byStatus_skiped_SKIP10_details')">testfour_loginwithinvalidemail()</a>
               </td>
               <td nowrap="true">08:52:05</td>
               <td nowrap="true" align="right">0 ms
                  
               </td>
               <td nowrap="true">
                  <a onclick="toggleDetailsVisibility('tests.LoginTestOne_testfour_loginwithinvalidemail_byStatus_skiped_SKIP10_exception')">org.openqa.selenium.SessionNotCreatedException: 
                     session not created: This version of ChromeDriver only supports Chrome version 93
                     Current browser version is 95.0.4638.69 with binary path C:\Program Files\Google\Chrome\Application\chrome.exe
                     Build info: version: '3.141.59', revision: 'e82be7d358', time: '2018-11-14T08:25:53'
                     System info: host: 'HP', ip: '192.168.56.1', os.name: 'Windows 8.1', os.arch: 'amd64', os.version: '6.3', java.version: '14.0.2'
                     Driver info: driver.version: ChromeDriver
                     remote stacktrace: Backtrace:
                     Ordinal0 [0x0048A2D3+2663123]
                     Ordinal0 [0x0041A491+2204817]
                     Ordinal0 [0x00302118+1057048]
                     Ordinal0 [0x0032041A+1180698]
                     Ordinal0 [0x0031C335+1164085]
                     Ordinal0 [0x00319B7F+1153919]
                     Ordinal0 [0x00349D8F+1351055]
                     Ordinal0 [0x003499FA+1350138]
                     Ordinal0 [0x0034589B+1333403]
                     Ordinal0 [0x00321F74+1187700]
                     Ordinal0 [0x00322DC9+1191369]
                     GetHandleVerifier [0x006230D6+1610054]
                     GetHandleVerifier [0x006CB53B+2299307]
                     GetHandleVerifier [0x00518DA9+519705]
                     GetHandleVerifier [0x00517759+513993]
                     Ordinal0 [0x0042112D+2232621]
                     Ordinal0 [0x004255F8+2250232]
                     Ordinal0 [0x00425732+2250546]
                     Ordinal0 [0x0042E591+2286993]
                     BaseThreadInitThunk [0x75326A14+36]
                     RtlInitializeExceptionChain [0x7763A9EF+143]
                     RtlInitializeExceptionChain [0x7763A9BA+90]
                     
                     
                  </a>
                   
                  
               </td>
            </tr>
            <tr>
               <td colspan="4" class="detailsBox">
                  <div id="tests.LoginTestOne_testfour_loginwithinvalidemail_byStatus_skiped_SKIP10_details"
                       class="testMethodDetails">
                     <div>
                        <b>Name: </b>testfour_loginwithinvalidemail
                     </div>
                     <div>
                        <b>Signature: </b>testfour_loginwithinvalidemail()[pri:4, instance:tests.LoginTestOne@a2431d0]
                     </div>
                     <div>
                        <b>Start time: </b>08:52:05
                     </div>
                     <div>
                        <b>End time: </b>08:52:05
                     </div>
                     <div>
                        <b>Duration: </b>0 ms
                        
                     </div>
                  </div>
               </td>
            </tr>
            <tr>
               <td colspan="4" class="detailsBox">
                  <div id="tests.LoginTestOne_testfour_loginwithinvalidemail_byStatus_skiped_SKIP10_exception"
                       class="testMethodDetails">
                     <pre style="padding: 5px; margin: 0;">org.openqa.selenium.SessionNotCreatedException: session not created: This version of ChromeDriver only supports Chrome version
                        93
                        Current browser version is 95.0.4638.69 with binary path C:\Program Files\Google\Chrome\Application\chrome.exe
                        Build info: version: '3.141.59', revision: 'e82be7d358', time: '2018-11-14T08:25:53'
                        System info: host: 'HP', ip: '192.168.56.1', os.name: 'Windows 8.1', os.arch: 'amd64', os.version: '6.3', java.version: '14.0.2'
                        Driver info: driver.version: ChromeDriver
                        remote stacktrace: Backtrace:
                        Ordinal0 [0x0048A2D3+2663123]
                        Ordinal0 [0x0041A491+2204817]
                        Ordinal0 [0x00302118+1057048]
                        Ordinal0 [0x0032041A+1180698]
                        Ordinal0 [0x0031C335+1164085]
                        Ordinal0 [0x00319B7F+1153919]
                        Ordinal0 [0x00349D8F+1351055]
                        Ordinal0 [0x003499FA+1350138]
                        Ordinal0 [0x0034589B+1333403]
                        Ordinal0 [0x00321F74+1187700]
                        Ordinal0 [0x00322DC9+1191369]
                        GetHandleVerifier [0x006230D6+1610054]
                        GetHandleVerifier [0x006CB53B+2299307]
                        GetHandleVerifier [0x00518DA9+519705]
                        GetHandleVerifier [0x00517759+513993]
                        Ordinal0 [0x0042112D+2232621]
                        Ordinal0 [0x004255F8+2250232]
                        Ordinal0 [0x00425732+2250546]
                        Ordinal0 [0x0042E591+2286993]
                        BaseThreadInitThunk [0x75326A14+36]
                        RtlInitializeExceptionChain [0x7763A9EF+143]
                        RtlInitializeExceptionChain [0x7763A9BA+90]
                        
                        at java.base/jdk.internal.reflect.NativeConstructorAccessorImpl.newInstance0(Native Method)
                        at java.base/jdk.internal.reflect.NativeConstructorAccessorImpl.newInstance(NativeConstructorAccessorImpl.java:62)
                        at java.base/jdk.internal.reflect.DelegatingConstructorAccessorImpl.newInstance(DelegatingConstructorAccessorImpl.java:45)
                        at java.base/java.lang.reflect.Constructor.newInstanceWithCaller(Constructor.java:500)
                        at java.base/java.lang.reflect.Constructor.newInstance(Constructor.java:481)
                        at org.openqa.selenium.remote.W3CHandshakeResponse.lambda$errorHandler$0(W3CHandshakeResponse.java:62)
                        at org.openqa.selenium.remote.HandshakeResponse.lambda$getResponseFunction$0(HandshakeResponse.java:30)
                        at org.openqa.selenium.remote.ProtocolHandshake.lambda$createSession$0(ProtocolHandshake.java:126)
                        at java.base/java.util.stream.ReferencePipeline$3$1.accept(ReferencePipeline.java:195)
                        at java.base/java.util.Spliterators$ArraySpliterator.tryAdvance(Spliterators.java:958)
                        at java.base/java.util.stream.ReferencePipeline.forEachWithCancel(ReferencePipeline.java:127)
                        at java.base/java.util.stream.AbstractPipeline.copyIntoWithCancel(AbstractPipeline.java:502)
                        at java.base/java.util.stream.AbstractPipeline.copyInto(AbstractPipeline.java:488)
                        at java.base/java.util.stream.AbstractPipeline.wrapAndCopyInto(AbstractPipeline.java:474)
                        at java.base/java.util.stream.FindOps$FindOp.evaluateSequential(FindOps.java:150)
                        at java.base/java.util.stream.AbstractPipeline.evaluate(AbstractPipeline.java:234)
                        at java.base/java.util.stream.ReferencePipeline.findFirst(ReferencePipeline.java:543)
                        at org.openqa.selenium.remote.ProtocolHandshake.createSession(ProtocolHandshake.java:128)
                        at org.openqa.selenium.remote.ProtocolHandshake.createSession(ProtocolHandshake.java:74)
                        at org.openqa.selenium.remote.HttpCommandExecutor.execute(HttpCommandExecutor.java:136)
                        at org.openqa.selenium.remote.service.DriverCommandExecutor.execute(DriverCommandExecutor.java:83)
                        at org.openqa.selenium.remote.RemoteWebDriver.execute(RemoteWebDriver.java:552)
                        at org.openqa.selenium.remote.RemoteWebDriver.startSession(RemoteWebDriver.java:213)
                        at org.openqa.selenium.remote.RemoteWebDriver.&lt;init&gt;(RemoteWebDriver.java:131)
                        at org.openqa.selenium.chrome.ChromeDriver.&lt;init&gt;(ChromeDriver.java:181)
                        at org.openqa.selenium.chrome.ChromeDriver.&lt;init&gt;(ChromeDriver.java:168)
                        at org.openqa.selenium.chrome.ChromeDriver.&lt;init&gt;(ChromeDriver.java:123)
                        at pages.LoginPageOne.openBrowser(LoginPageOne.java:27)
                        at tests.LoginTestOne.beforeMethod(LoginTestOne.java:28)
                        at java.base/jdk.internal.reflect.NativeMethodAccessorImpl.invoke0(Native Method)
                        at java.base/jdk.internal.reflect.NativeMethodAccessorImpl.invoke(NativeMethodAccessorImpl.java:62)
                        at java.base/jdk.internal.reflect.DelegatingMethodAccessorImpl.invoke(DelegatingMethodAccessorImpl.java:43)
                        at java.base/java.lang.reflect.Method.invoke(Method.java:564)
                        at org.testng.internal.MethodInvocationHelper.invokeMethod(MethodInvocationHelper.java:124)
                        at org.testng.internal.MethodInvocationHelper.invokeMethodConsideringTimeout(MethodInvocationHelper.java:59)
                        at org.testng.internal.Invoker.invokeConfigurationMethod(Invoker.java:455)
                        at org.testng.internal.Invoker.invokeConfigurations(Invoker.java:222)
                        at org.testng.internal.Invoker.invokeMethod(Invoker.java:520)
                        at org.testng.internal.Invoker.invokeTestMethod(Invoker.java:716)
                        at org.testng.internal.Invoker.invokeTestMethods(Invoker.java:988)
                        at org.testng.internal.TestMethodWorker.invokeTestMethods(TestMethodWorker.java:125)
                        at org.testng.internal.TestMethodWorker.run(TestMethodWorker.java:109)
                        at org.testng.TestRunner.privateRun(TestRunner.java:648)
                        at org.testng.TestRunner.run(TestRunner.java:505)
                        at org.testng.SuiteRunner.runTest(SuiteRunner.java:455)
                        at org.testng.SuiteRunner.runSequentially(SuiteRunner.java:450)
                        at org.testng.SuiteRunner.privateRun(SuiteRunner.java:415)
                        at org.testng.SuiteRunner.run(SuiteRunner.java:364)
                        at org.testng.SuiteRunnerWorker.runSuite(SuiteRunnerWorker.java:52)
                        at org.testng.SuiteRunnerWorker.run(SuiteRunnerWorker.java:84)
                        at org.testng.TestNG.runSuitesSequentially(TestNG.java:1208)
                        at org.testng.TestNG.runSuitesLocally(TestNG.java:1137)
                        at org.testng.TestNG.runSuites(TestNG.java:1049)
                        at org.testng.TestNG.run(TestNG.java:1017)
                        at org.testng.TestNG.privateMain(TestNG.java:1354)
                        at org.testng.TestNG.main(TestNG.java:1323)
                     </pre>
                  </div>
               </td>
            </tr>
            <tr id="tests.LoginTestOne_beforeMethod_byStatus_skiped_SKIP11_row"
                class="testMethodStatusSKIP testMethodStatusCONF">
               <td width="100%" class="firstMethodCell">
                  <a onclick="toggleDetailsVisibility('tests.LoginTestOne_beforeMethod_byStatus_skiped_SKIP11_details')">beforeMethod()</a>
               </td>
               <td nowrap="true">08:52:05</td>
               <td nowrap="true" align="right">0 ms
                  
               </td>
               <td nowrap="true">
                   
                  
               </td>
            </tr>
            <tr>
               <td colspan="4" class="detailsBox">
                  <div id="tests.LoginTestOne_beforeMethod_byStatus_skiped_SKIP11_details"
                       class="testMethodDetails">
                     <div>
                        <b>Name: </b>beforeMethod
                     </div>
                     <div>
                        <b>Signature: </b>beforeMethod()[pri:0, instance:tests.LoginTestOne@a2431d0]
                     </div>
                     <div>
                        <b>Start time: </b>08:52:05
                     </div>
                     <div>
                        <b>End time: </b>08:52:05
                     </div>
                     <div>
                        <b>Duration: </b>0 ms
                        
                     </div>
                  </div>
               </td>
            </tr>
            <tr></tr>
         </table>
      </div>
      <div id="testMethodsByClass" style="display: none;">
         <table class="testMethodsTable" cellpadding="0" cellspacing="0">
            <tr>
               <td colspan="4">
                  <h3 style="display: inline;">tests.LoginTestOne</h3>
               </td>
            </tr>
            <tr class="methodsTableHeader">
               <td width="100%">Name</td>
               <td nowrap="true">Started</td>
               <td nowrap="true">Duration</td>
               <td>Exception</td>
            </tr>
            <tr id="tests.LoginTestOne_beforeMethod_byClass_FAIL1_row"
                class="testMethodStatusFAIL testMethodStatusCONF">
               <td width="100%" class="firstMethodCell">
                  <a onclick="toggleDetailsVisibility('tests.LoginTestOne_beforeMethod_byClass_FAIL1_details')">beforeMethod()</a>
               </td>
               <td nowrap="true">08:52:01</td>
               <td nowrap="true" align="right">4s
                  
               </td>
               <td nowrap="true">
                  <a onclick="toggleDetailsVisibility('tests.LoginTestOne_beforeMethod_byClass_FAIL1_exception')">org.openqa.selenium.SessionNotCreatedException: 
                     session not created: This version of ChromeDriver only supports Chrome version 93
                     Current browser version is 95.0.4638.69 with binary path C:\Program Files\Google\Chrome\Application\chrome.exe
                     Build info: version: '3.141.59', revision: 'e82be7d358', time: '2018-11-14T08:25:53'
                     System info: host: 'HP', ip: '192.168.56.1', os.name: 'Windows 8.1', os.arch: 'amd64', os.version: '6.3', java.version: '14.0.2'
                     Driver info: driver.version: ChromeDriver
                     remote stacktrace: Backtrace:
                     Ordinal0 [0x0048A2D3+2663123]
                     Ordinal0 [0x0041A491+2204817]
                     Ordinal0 [0x00302118+1057048]
                     Ordinal0 [0x0032041A+1180698]
                     Ordinal0 [0x0031C335+1164085]
                     Ordinal0 [0x00319B7F+1153919]
                     Ordinal0 [0x00349D8F+1351055]
                     Ordinal0 [0x003499FA+1350138]
                     Ordinal0 [0x0034589B+1333403]
                     Ordinal0 [0x00321F74+1187700]
                     Ordinal0 [0x00322DC9+1191369]
                     GetHandleVerifier [0x006230D6+1610054]
                     GetHandleVerifier [0x006CB53B+2299307]
                     GetHandleVerifier [0x00518DA9+519705]
                     GetHandleVerifier [0x00517759+513993]
                     Ordinal0 [0x0042112D+2232621]
                     Ordinal0 [0x004255F8+2250232]
                     Ordinal0 [0x00425732+2250546]
                     Ordinal0 [0x0042E591+2286993]
                     BaseThreadInitThunk [0x75326A14+36]
                     RtlInitializeExceptionChain [0x7763A9EF+143]
                     RtlInitializeExceptionChain [0x7763A9BA+90]
                     
                     
                  </a>
                   
                  
               </td>
            </tr>
            <tr>
               <td colspan="4" class="detailsBox">
                  <div id="tests.LoginTestOne_beforeMethod_byClass_FAIL1_details"
                       class="testMethodDetails">
                     <div>
                        <b>Name: </b>beforeMethod
                     </div>
                     <div>
                        <b>Signature: </b>beforeMethod()[pri:0, instance:tests.LoginTestOne@a2431d0]
                     </div>
                     <div>
                        <b>Start time: </b>08:52:01
                     </div>
                     <div>
                        <b>End time: </b>08:52:05
                     </div>
                     <div>
                        <b>Duration: </b>4s
                        
                     </div>
                  </div>
               </td>
            </tr>
            <tr>
               <td colspan="4" class="detailsBox">
                  <div id="tests.LoginTestOne_beforeMethod_byClass_FAIL1_exception"
                       class="testMethodDetails">
                     <pre style="padding: 5px; margin: 0;">org.openqa.selenium.SessionNotCreatedException: session not created: This version of ChromeDriver only supports Chrome version
                        93
                        Current browser version is 95.0.4638.69 with binary path C:\Program Files\Google\Chrome\Application\chrome.exe
                        Build info: version: '3.141.59', revision: 'e82be7d358', time: '2018-11-14T08:25:53'
                        System info: host: 'HP', ip: '192.168.56.1', os.name: 'Windows 8.1', os.arch: 'amd64', os.version: '6.3', java.version: '14.0.2'
                        Driver info: driver.version: ChromeDriver
                        remote stacktrace: Backtrace:
                        Ordinal0 [0x0048A2D3+2663123]
                        Ordinal0 [0x0041A491+2204817]
                        Ordinal0 [0x00302118+1057048]
                        Ordinal0 [0x0032041A+1180698]
                        Ordinal0 [0x0031C335+1164085]
                        Ordinal0 [0x00319B7F+1153919]
                        Ordinal0 [0x00349D8F+1351055]
                        Ordinal0 [0x003499FA+1350138]
                        Ordinal0 [0x0034589B+1333403]
                        Ordinal0 [0x00321F74+1187700]
                        Ordinal0 [0x00322DC9+1191369]
                        GetHandleVerifier [0x006230D6+1610054]
                        GetHandleVerifier [0x006CB53B+2299307]
                        GetHandleVerifier [0x00518DA9+519705]
                        GetHandleVerifier [0x00517759+513993]
                        Ordinal0 [0x0042112D+2232621]
                        Ordinal0 [0x004255F8+2250232]
                        Ordinal0 [0x00425732+2250546]
                        Ordinal0 [0x0042E591+2286993]
                        BaseThreadInitThunk [0x75326A14+36]
                        RtlInitializeExceptionChain [0x7763A9EF+143]
                        RtlInitializeExceptionChain [0x7763A9BA+90]
                        
                        at java.base/jdk.internal.reflect.NativeConstructorAccessorImpl.newInstance0(Native Method)
                        at java.base/jdk.internal.reflect.NativeConstructorAccessorImpl.newInstance(NativeConstructorAccessorImpl.java:62)
                        at java.base/jdk.internal.reflect.DelegatingConstructorAccessorImpl.newInstance(DelegatingConstructorAccessorImpl.java:45)
                        at java.base/java.lang.reflect.Constructor.newInstanceWithCaller(Constructor.java:500)
                        at java.base/java.lang.reflect.Constructor.newInstance(Constructor.java:481)
                        at org.openqa.selenium.remote.W3CHandshakeResponse.lambda$errorHandler$0(W3CHandshakeResponse.java:62)
                        at org.openqa.selenium.remote.HandshakeResponse.lambda$getResponseFunction$0(HandshakeResponse.java:30)
                        at org.openqa.selenium.remote.ProtocolHandshake.lambda$createSession$0(ProtocolHandshake.java:126)
                        at java.base/java.util.stream.ReferencePipeline$3$1.accept(ReferencePipeline.java:195)
                        at java.base/java.util.Spliterators$ArraySpliterator.tryAdvance(Spliterators.java:958)
                        at java.base/java.util.stream.ReferencePipeline.forEachWithCancel(ReferencePipeline.java:127)
                        at java.base/java.util.stream.AbstractPipeline.copyIntoWithCancel(AbstractPipeline.java:502)
                        at java.base/java.util.stream.AbstractPipeline.copyInto(AbstractPipeline.java:488)
                        at java.base/java.util.stream.AbstractPipeline.wrapAndCopyInto(AbstractPipeline.java:474)
                        at java.base/java.util.stream.FindOps$FindOp.evaluateSequential(FindOps.java:150)
                        at java.base/java.util.stream.AbstractPipeline.evaluate(AbstractPipeline.java:234)
                        at java.base/java.util.stream.ReferencePipeline.findFirst(ReferencePipeline.java:543)
                        at org.openqa.selenium.remote.ProtocolHandshake.createSession(ProtocolHandshake.java:128)
                        at org.openqa.selenium.remote.ProtocolHandshake.createSession(ProtocolHandshake.java:74)
                        at org.openqa.selenium.remote.HttpCommandExecutor.execute(HttpCommandExecutor.java:136)
                        at org.openqa.selenium.remote.service.DriverCommandExecutor.execute(DriverCommandExecutor.java:83)
                        at org.openqa.selenium.remote.RemoteWebDriver.execute(RemoteWebDriver.java:552)
                        at org.openqa.selenium.remote.RemoteWebDriver.startSession(RemoteWebDriver.java:213)
                        at org.openqa.selenium.remote.RemoteWebDriver.&lt;init&gt;(RemoteWebDriver.java:131)
                        at org.openqa.selenium.chrome.ChromeDriver.&lt;init&gt;(ChromeDriver.java:181)
                        at org.openqa.selenium.chrome.ChromeDriver.&lt;init&gt;(ChromeDriver.java:168)
                        at org.openqa.selenium.chrome.ChromeDriver.&lt;init&gt;(ChromeDriver.java:123)
                        at pages.LoginPageOne.openBrowser(LoginPageOne.java:27)
                        at tests.LoginTestOne.beforeMethod(LoginTestOne.java:28)
                        at java.base/jdk.internal.reflect.NativeMethodAccessorImpl.invoke0(Native Method)
                        at java.base/jdk.internal.reflect.NativeMethodAccessorImpl.invoke(NativeMethodAccessorImpl.java:62)
                        at java.base/jdk.internal.reflect.DelegatingMethodAccessorImpl.invoke(DelegatingMethodAccessorImpl.java:43)
                        at java.base/java.lang.reflect.Method.invoke(Method.java:564)
                        at org.testng.internal.MethodInvocationHelper.invokeMethod(MethodInvocationHelper.java:124)
                        at org.testng.internal.MethodInvocationHelper.invokeMethodConsideringTimeout(MethodInvocationHelper.java:59)
                        at org.testng.internal.Invoker.invokeConfigurationMethod(Invoker.java:455)
                        at org.testng.internal.Invoker.invokeConfigurations(Invoker.java:222)
                        at org.testng.internal.Invoker.invokeMethod(Invoker.java:520)
                        at org.testng.internal.Invoker.invokeTestMethod(Invoker.java:716)
                        at org.testng.internal.Invoker.invokeTestMethods(Invoker.java:988)
                        at org.testng.internal.TestMethodWorker.invokeTestMethods(TestMethodWorker.java:125)
                        at org.testng.internal.TestMethodWorker.run(TestMethodWorker.java:109)
                        at org.testng.TestRunner.privateRun(TestRunner.java:648)
                        at org.testng.TestRunner.run(TestRunner.java:505)
                        at org.testng.SuiteRunner.runTest(SuiteRunner.java:455)
                        at org.testng.SuiteRunner.runSequentially(SuiteRunner.java:450)
                        at org.testng.SuiteRunner.privateRun(SuiteRunner.java:415)
                        at org.testng.SuiteRunner.run(SuiteRunner.java:364)
                        at org.testng.SuiteRunnerWorker.runSuite(SuiteRunnerWorker.java:52)
                        at org.testng.SuiteRunnerWorker.run(SuiteRunnerWorker.java:84)
                        at org.testng.TestNG.runSuitesSequentially(TestNG.java:1208)
                        at org.testng.TestNG.runSuitesLocally(TestNG.java:1137)
                        at org.testng.TestNG.runSuites(TestNG.java:1049)
                        at org.testng.TestNG.run(TestNG.java:1017)
                        at org.testng.TestNG.privateMain(TestNG.java:1354)
                        at org.testng.TestNG.main(TestNG.java:1323)
                     </pre>
                  </div>
               </td>
            </tr>
            <tr id="tests.LoginTestOne_afterMethod_byClass_SKIP2_row"
                class="testMethodStatusSKIP testMethodStatusCONF">
               <td width="100%" class="firstMethodCell">
                  <a onclick="toggleDetailsVisibility('tests.LoginTestOne_afterMethod_byClass_SKIP2_details')">afterMethod()</a>
               </td>
               <td nowrap="true">08:52:05</td>
               <td nowrap="true" align="right">0 ms
                  
               </td>
               <td nowrap="true">
                   
                  
               </td>
            </tr>
            <tr>
               <td colspan="4" class="detailsBox">
                  <div id="tests.LoginTestOne_afterMethod_byClass_SKIP2_details"
                       class="testMethodDetails">
                     <div>
                        <b>Name: </b>afterMethod
                     </div>
                     <div>
                        <b>Signature: </b>afterMethod()[pri:0, instance:tests.LoginTestOne@a2431d0]
                     </div>
                     <div>
                        <b>Start time: </b>08:52:05
                     </div>
                     <div>
                        <b>End time: </b>08:52:05
                     </div>
                     <div>
                        <b>Duration: </b>0 ms
                        
                     </div>
                  </div>
               </td>
            </tr>
            <tr></tr>
            <tr id="tests.LoginTestOne_testone_loginwithwrongemailpassword_byClass_SKIP3_row"
                class="testMethodStatusSKIP">
               <td width="100%" class="firstMethodCell">
                  <a onclick="toggleDetailsVisibility('tests.LoginTestOne_testone_loginwithwrongemailpassword_byClass_SKIP3_details')">testone_loginwithwrongemailpassword()</a>
               </td>
               <td nowrap="true">08:52:05</td>
               <td nowrap="true" align="right">0 ms
                  
               </td>
               <td nowrap="true">
                  <a onclick="toggleDetailsVisibility('tests.LoginTestOne_testone_loginwithwrongemailpassword_byClass_SKIP3_exception')">org.openqa.selenium.SessionNotCreatedException: 
                     session not created: This version of ChromeDriver only supports Chrome version 93
                     Current browser version is 95.0.4638.69 with binary path C:\Program Files\Google\Chrome\Application\chrome.exe
                     Build info: version: '3.141.59', revision: 'e82be7d358', time: '2018-11-14T08:25:53'
                     System info: host: 'HP', ip: '192.168.56.1', os.name: 'Windows 8.1', os.arch: 'amd64', os.version: '6.3', java.version: '14.0.2'
                     Driver info: driver.version: ChromeDriver
                     remote stacktrace: Backtrace:
                     Ordinal0 [0x0048A2D3+2663123]
                     Ordinal0 [0x0041A491+2204817]
                     Ordinal0 [0x00302118+1057048]
                     Ordinal0 [0x0032041A+1180698]
                     Ordinal0 [0x0031C335+1164085]
                     Ordinal0 [0x00319B7F+1153919]
                     Ordinal0 [0x00349D8F+1351055]
                     Ordinal0 [0x003499FA+1350138]
                     Ordinal0 [0x0034589B+1333403]
                     Ordinal0 [0x00321F74+1187700]
                     Ordinal0 [0x00322DC9+1191369]
                     GetHandleVerifier [0x006230D6+1610054]
                     GetHandleVerifier [0x006CB53B+2299307]
                     GetHandleVerifier [0x00518DA9+519705]
                     GetHandleVerifier [0x00517759+513993]
                     Ordinal0 [0x0042112D+2232621]
                     Ordinal0 [0x004255F8+2250232]
                     Ordinal0 [0x00425732+2250546]
                     Ordinal0 [0x0042E591+2286993]
                     BaseThreadInitThunk [0x75326A14+36]
                     RtlInitializeExceptionChain [0x7763A9EF+143]
                     RtlInitializeExceptionChain [0x7763A9BA+90]
                     
                     
                  </a>
                   
                  
               </td>
            </tr>
            <tr>
               <td colspan="4" class="detailsBox">
                  <div id="tests.LoginTestOne_testone_loginwithwrongemailpassword_byClass_SKIP3_details"
                       class="testMethodDetails">
                     <div>
                        <b>Name: </b>testone_loginwithwrongemailpassword
                     </div>
                     <div>
                        <b>Signature: </b>testone_loginwithwrongemailpassword()[pri:1, instance:tests.LoginTestOne@a2431d0]
                     </div>
                     <div>
                        <b>Start time: </b>08:52:05
                     </div>
                     <div>
                        <b>End time: </b>08:52:05
                     </div>
                     <div>
                        <b>Duration: </b>0 ms
                        
                     </div>
                  </div>
               </td>
            </tr>
            <tr>
               <td colspan="4" class="detailsBox">
                  <div id="tests.LoginTestOne_testone_loginwithwrongemailpassword_byClass_SKIP3_exception"
                       class="testMethodDetails">
                     <pre style="padding: 5px; margin: 0;">org.openqa.selenium.SessionNotCreatedException: session not created: This version of ChromeDriver only supports Chrome version
                        93
                        Current browser version is 95.0.4638.69 with binary path C:\Program Files\Google\Chrome\Application\chrome.exe
                        Build info: version: '3.141.59', revision: 'e82be7d358', time: '2018-11-14T08:25:53'
                        System info: host: 'HP', ip: '192.168.56.1', os.name: 'Windows 8.1', os.arch: 'amd64', os.version: '6.3', java.version: '14.0.2'
                        Driver info: driver.version: ChromeDriver
                        remote stacktrace: Backtrace:
                        Ordinal0 [0x0048A2D3+2663123]
                        Ordinal0 [0x0041A491+2204817]
                        Ordinal0 [0x00302118+1057048]
                        Ordinal0 [0x0032041A+1180698]
                        Ordinal0 [0x0031C335+1164085]
                        Ordinal0 [0x00319B7F+1153919]
                        Ordinal0 [0x00349D8F+1351055]
                        Ordinal0 [0x003499FA+1350138]
                        Ordinal0 [0x0034589B+1333403]
                        Ordinal0 [0x00321F74+1187700]
                        Ordinal0 [0x00322DC9+1191369]
                        GetHandleVerifier [0x006230D6+1610054]
                        GetHandleVerifier [0x006CB53B+2299307]
                        GetHandleVerifier [0x00518DA9+519705]
                        GetHandleVerifier [0x00517759+513993]
                        Ordinal0 [0x0042112D+2232621]
                        Ordinal0 [0x004255F8+2250232]
                        Ordinal0 [0x00425732+2250546]
                        Ordinal0 [0x0042E591+2286993]
                        BaseThreadInitThunk [0x75326A14+36]
                        RtlInitializeExceptionChain [0x7763A9EF+143]
                        RtlInitializeExceptionChain [0x7763A9BA+90]
                        
                        at java.base/jdk.internal.reflect.NativeConstructorAccessorImpl.newInstance0(Native Method)
                        at java.base/jdk.internal.reflect.NativeConstructorAccessorImpl.newInstance(NativeConstructorAccessorImpl.java:62)
                        at java.base/jdk.internal.reflect.DelegatingConstructorAccessorImpl.newInstance(DelegatingConstructorAccessorImpl.java:45)
                        at java.base/java.lang.reflect.Constructor.newInstanceWithCaller(Constructor.java:500)
                        at java.base/java.lang.reflect.Constructor.newInstance(Constructor.java:481)
                        at org.openqa.selenium.remote.W3CHandshakeResponse.lambda$errorHandler$0(W3CHandshakeResponse.java:62)
                        at org.openqa.selenium.remote.HandshakeResponse.lambda$getResponseFunction$0(HandshakeResponse.java:30)
                        at org.openqa.selenium.remote.ProtocolHandshake.lambda$createSession$0(ProtocolHandshake.java:126)
                        at java.base/java.util.stream.ReferencePipeline$3$1.accept(ReferencePipeline.java:195)
                        at java.base/java.util.Spliterators$ArraySpliterator.tryAdvance(Spliterators.java:958)
                        at java.base/java.util.stream.ReferencePipeline.forEachWithCancel(ReferencePipeline.java:127)
                        at java.base/java.util.stream.AbstractPipeline.copyIntoWithCancel(AbstractPipeline.java:502)
                        at java.base/java.util.stream.AbstractPipeline.copyInto(AbstractPipeline.java:488)
                        at java.base/java.util.stream.AbstractPipeline.wrapAndCopyInto(AbstractPipeline.java:474)
                        at java.base/java.util.stream.FindOps$FindOp.evaluateSequential(FindOps.java:150)
                        at java.base/java.util.stream.AbstractPipeline.evaluate(AbstractPipeline.java:234)
                        at java.base/java.util.stream.ReferencePipeline.findFirst(ReferencePipeline.java:543)
                        at org.openqa.selenium.remote.ProtocolHandshake.createSession(ProtocolHandshake.java:128)
                        at org.openqa.selenium.remote.ProtocolHandshake.createSession(ProtocolHandshake.java:74)
                        at org.openqa.selenium.remote.HttpCommandExecutor.execute(HttpCommandExecutor.java:136)
                        at org.openqa.selenium.remote.service.DriverCommandExecutor.execute(DriverCommandExecutor.java:83)
                        at org.openqa.selenium.remote.RemoteWebDriver.execute(RemoteWebDriver.java:552)
                        at org.openqa.selenium.remote.RemoteWebDriver.startSession(RemoteWebDriver.java:213)
                        at org.openqa.selenium.remote.RemoteWebDriver.&lt;init&gt;(RemoteWebDriver.java:131)
                        at org.openqa.selenium.chrome.ChromeDriver.&lt;init&gt;(ChromeDriver.java:181)
                        at org.openqa.selenium.chrome.ChromeDriver.&lt;init&gt;(ChromeDriver.java:168)
                        at org.openqa.selenium.chrome.ChromeDriver.&lt;init&gt;(ChromeDriver.java:123)
                        at pages.LoginPageOne.openBrowser(LoginPageOne.java:27)
                        at tests.LoginTestOne.beforeMethod(LoginTestOne.java:28)
                        at java.base/jdk.internal.reflect.NativeMethodAccessorImpl.invoke0(Native Method)
                        at java.base/jdk.internal.reflect.NativeMethodAccessorImpl.invoke(NativeMethodAccessorImpl.java:62)
                        at java.base/jdk.internal.reflect.DelegatingMethodAccessorImpl.invoke(DelegatingMethodAccessorImpl.java:43)
                        at java.base/java.lang.reflect.Method.invoke(Method.java:564)
                        at org.testng.internal.MethodInvocationHelper.invokeMethod(MethodInvocationHelper.java:124)
                        at org.testng.internal.MethodInvocationHelper.invokeMethodConsideringTimeout(MethodInvocationHelper.java:59)
                        at org.testng.internal.Invoker.invokeConfigurationMethod(Invoker.java:455)
                        at org.testng.internal.Invoker.invokeConfigurations(Invoker.java:222)
                        at org.testng.internal.Invoker.invokeMethod(Invoker.java:520)
                        at org.testng.internal.Invoker.invokeTestMethod(Invoker.java:716)
                        at org.testng.internal.Invoker.invokeTestMethods(Invoker.java:988)
                        at org.testng.internal.TestMethodWorker.invokeTestMethods(TestMethodWorker.java:125)
                        at org.testng.internal.TestMethodWorker.run(TestMethodWorker.java:109)
                        at org.testng.TestRunner.privateRun(TestRunner.java:648)
                        at org.testng.TestRunner.run(TestRunner.java:505)
                        at org.testng.SuiteRunner.runTest(SuiteRunner.java:455)
                        at org.testng.SuiteRunner.runSequentially(SuiteRunner.java:450)
                        at org.testng.SuiteRunner.privateRun(SuiteRunner.java:415)
                        at org.testng.SuiteRunner.run(SuiteRunner.java:364)
                        at org.testng.SuiteRunnerWorker.runSuite(SuiteRunnerWorker.java:52)
                        at org.testng.SuiteRunnerWorker.run(SuiteRunnerWorker.java:84)
                        at org.testng.TestNG.runSuitesSequentially(TestNG.java:1208)
                        at org.testng.TestNG.runSuitesLocally(TestNG.java:1137)
                        at org.testng.TestNG.runSuites(TestNG.java:1049)
                        at org.testng.TestNG.run(TestNG.java:1017)
                        at org.testng.TestNG.privateMain(TestNG.java:1354)
                        at org.testng.TestNG.main(TestNG.java:1323)
                     </pre>
                  </div>
               </td>
            </tr>
            <tr id="tests.LoginTestOne_testtwo_loginwithemptyemail_byClass_SKIP4_row"
                class="testMethodStatusSKIP">
               <td width="100%" class="firstMethodCell">
                  <a onclick="toggleDetailsVisibility('tests.LoginTestOne_testtwo_loginwithemptyemail_byClass_SKIP4_details')">testtwo_loginwithemptyemail()</a>
               </td>
               <td nowrap="true">08:52:05</td>
               <td nowrap="true" align="right">0 ms
                  
               </td>
               <td nowrap="true">
                  <a onclick="toggleDetailsVisibility('tests.LoginTestOne_testtwo_loginwithemptyemail_byClass_SKIP4_exception')">org.openqa.selenium.SessionNotCreatedException: 
                     session not created: This version of ChromeDriver only supports Chrome version 93
                     Current browser version is 95.0.4638.69 with binary path C:\Program Files\Google\Chrome\Application\chrome.exe
                     Build info: version: '3.141.59', revision: 'e82be7d358', time: '2018-11-14T08:25:53'
                     System info: host: 'HP', ip: '192.168.56.1', os.name: 'Windows 8.1', os.arch: 'amd64', os.version: '6.3', java.version: '14.0.2'
                     Driver info: driver.version: ChromeDriver
                     remote stacktrace: Backtrace:
                     Ordinal0 [0x0048A2D3+2663123]
                     Ordinal0 [0x0041A491+2204817]
                     Ordinal0 [0x00302118+1057048]
                     Ordinal0 [0x0032041A+1180698]
                     Ordinal0 [0x0031C335+1164085]
                     Ordinal0 [0x00319B7F+1153919]
                     Ordinal0 [0x00349D8F+1351055]
                     Ordinal0 [0x003499FA+1350138]
                     Ordinal0 [0x0034589B+1333403]
                     Ordinal0 [0x00321F74+1187700]
                     Ordinal0 [0x00322DC9+1191369]
                     GetHandleVerifier [0x006230D6+1610054]
                     GetHandleVerifier [0x006CB53B+2299307]
                     GetHandleVerifier [0x00518DA9+519705]
                     GetHandleVerifier [0x00517759+513993]
                     Ordinal0 [0x0042112D+2232621]
                     Ordinal0 [0x004255F8+2250232]
                     Ordinal0 [0x00425732+2250546]
                     Ordinal0 [0x0042E591+2286993]
                     BaseThreadInitThunk [0x75326A14+36]
                     RtlInitializeExceptionChain [0x7763A9EF+143]
                     RtlInitializeExceptionChain [0x7763A9BA+90]
                     
                     
                  </a>
                   
                  
               </td>
            </tr>
            <tr>
               <td colspan="4" class="detailsBox">
                  <div id="tests.LoginTestOne_testtwo_loginwithemptyemail_byClass_SKIP4_details"
                       class="testMethodDetails">
                     <div>
                        <b>Name: </b>testtwo_loginwithemptyemail
                     </div>
                     <div>
                        <b>Signature: </b>testtwo_loginwithemptyemail()[pri:2, instance:tests.LoginTestOne@a2431d0]
                     </div>
                     <div>
                        <b>Start time: </b>08:52:05
                     </div>
                     <div>
                        <b>End time: </b>08:52:05
                     </div>
                     <div>
                        <b>Duration: </b>0 ms
                        
                     </div>
                  </div>
               </td>
            </tr>
            <tr>
               <td colspan="4" class="detailsBox">
                  <div id="tests.LoginTestOne_testtwo_loginwithemptyemail_byClass_SKIP4_exception"
                       class="testMethodDetails">
                     <pre style="padding: 5px; margin: 0;">org.openqa.selenium.SessionNotCreatedException: session not created: This version of ChromeDriver only supports Chrome version
                        93
                        Current browser version is 95.0.4638.69 with binary path C:\Program Files\Google\Chrome\Application\chrome.exe
                        Build info: version: '3.141.59', revision: 'e82be7d358', time: '2018-11-14T08:25:53'
                        System info: host: 'HP', ip: '192.168.56.1', os.name: 'Windows 8.1', os.arch: 'amd64', os.version: '6.3', java.version: '14.0.2'
                        Driver info: driver.version: ChromeDriver
                        remote stacktrace: Backtrace:
                        Ordinal0 [0x0048A2D3+2663123]
                        Ordinal0 [0x0041A491+2204817]
                        Ordinal0 [0x00302118+1057048]
                        Ordinal0 [0x0032041A+1180698]
                        Ordinal0 [0x0031C335+1164085]
                        Ordinal0 [0x00319B7F+1153919]
                        Ordinal0 [0x00349D8F+1351055]
                        Ordinal0 [0x003499FA+1350138]
                        Ordinal0 [0x0034589B+1333403]
                        Ordinal0 [0x00321F74+1187700]
                        Ordinal0 [0x00322DC9+1191369]
                        GetHandleVerifier [0x006230D6+1610054]
                        GetHandleVerifier [0x006CB53B+2299307]
                        GetHandleVerifier [0x00518DA9+519705]
                        GetHandleVerifier [0x00517759+513993]
                        Ordinal0 [0x0042112D+2232621]
                        Ordinal0 [0x004255F8+2250232]
                        Ordinal0 [0x00425732+2250546]
                        Ordinal0 [0x0042E591+2286993]
                        BaseThreadInitThunk [0x75326A14+36]
                        RtlInitializeExceptionChain [0x7763A9EF+143]
                        RtlInitializeExceptionChain [0x7763A9BA+90]
                        
                        at java.base/jdk.internal.reflect.NativeConstructorAccessorImpl.newInstance0(Native Method)
                        at java.base/jdk.internal.reflect.NativeConstructorAccessorImpl.newInstance(NativeConstructorAccessorImpl.java:62)
                        at java.base/jdk.internal.reflect.DelegatingConstructorAccessorImpl.newInstance(DelegatingConstructorAccessorImpl.java:45)
                        at java.base/java.lang.reflect.Constructor.newInstanceWithCaller(Constructor.java:500)
                        at java.base/java.lang.reflect.Constructor.newInstance(Constructor.java:481)
                        at org.openqa.selenium.remote.W3CHandshakeResponse.lambda$errorHandler$0(W3CHandshakeResponse.java:62)
                        at org.openqa.selenium.remote.HandshakeResponse.lambda$getResponseFunction$0(HandshakeResponse.java:30)
                        at org.openqa.selenium.remote.ProtocolHandshake.lambda$createSession$0(ProtocolHandshake.java:126)
                        at java.base/java.util.stream.ReferencePipeline$3$1.accept(ReferencePipeline.java:195)
                        at java.base/java.util.Spliterators$ArraySpliterator.tryAdvance(Spliterators.java:958)
                        at java.base/java.util.stream.ReferencePipeline.forEachWithCancel(ReferencePipeline.java:127)
                        at java.base/java.util.stream.AbstractPipeline.copyIntoWithCancel(AbstractPipeline.java:502)
                        at java.base/java.util.stream.AbstractPipeline.copyInto(AbstractPipeline.java:488)
                        at java.base/java.util.stream.AbstractPipeline.wrapAndCopyInto(AbstractPipeline.java:474)
                        at java.base/java.util.stream.FindOps$FindOp.evaluateSequential(FindOps.java:150)
                        at java.base/java.util.stream.AbstractPipeline.evaluate(AbstractPipeline.java:234)
                        at java.base/java.util.stream.ReferencePipeline.findFirst(ReferencePipeline.java:543)
                        at org.openqa.selenium.remote.ProtocolHandshake.createSession(ProtocolHandshake.java:128)
                        at org.openqa.selenium.remote.ProtocolHandshake.createSession(ProtocolHandshake.java:74)
                        at org.openqa.selenium.remote.HttpCommandExecutor.execute(HttpCommandExecutor.java:136)
                        at org.openqa.selenium.remote.service.DriverCommandExecutor.execute(DriverCommandExecutor.java:83)
                        at org.openqa.selenium.remote.RemoteWebDriver.execute(RemoteWebDriver.java:552)
                        at org.openqa.selenium.remote.RemoteWebDriver.startSession(RemoteWebDriver.java:213)
                        at org.openqa.selenium.remote.RemoteWebDriver.&lt;init&gt;(RemoteWebDriver.java:131)
                        at org.openqa.selenium.chrome.ChromeDriver.&lt;init&gt;(ChromeDriver.java:181)
                        at org.openqa.selenium.chrome.ChromeDriver.&lt;init&gt;(ChromeDriver.java:168)
                        at org.openqa.selenium.chrome.ChromeDriver.&lt;init&gt;(ChromeDriver.java:123)
                        at pages.LoginPageOne.openBrowser(LoginPageOne.java:27)
                        at tests.LoginTestOne.beforeMethod(LoginTestOne.java:28)
                        at java.base/jdk.internal.reflect.NativeMethodAccessorImpl.invoke0(Native Method)
                        at java.base/jdk.internal.reflect.NativeMethodAccessorImpl.invoke(NativeMethodAccessorImpl.java:62)
                        at java.base/jdk.internal.reflect.DelegatingMethodAccessorImpl.invoke(DelegatingMethodAccessorImpl.java:43)
                        at java.base/java.lang.reflect.Method.invoke(Method.java:564)
                        at org.testng.internal.MethodInvocationHelper.invokeMethod(MethodInvocationHelper.java:124)
                        at org.testng.internal.MethodInvocationHelper.invokeMethodConsideringTimeout(MethodInvocationHelper.java:59)
                        at org.testng.internal.Invoker.invokeConfigurationMethod(Invoker.java:455)
                        at org.testng.internal.Invoker.invokeConfigurations(Invoker.java:222)
                        at org.testng.internal.Invoker.invokeMethod(Invoker.java:520)
                        at org.testng.internal.Invoker.invokeTestMethod(Invoker.java:716)
                        at org.testng.internal.Invoker.invokeTestMethods(Invoker.java:988)
                        at org.testng.internal.TestMethodWorker.invokeTestMethods(TestMethodWorker.java:125)
                        at org.testng.internal.TestMethodWorker.run(TestMethodWorker.java:109)
                        at org.testng.TestRunner.privateRun(TestRunner.java:648)
                        at org.testng.TestRunner.run(TestRunner.java:505)
                        at org.testng.SuiteRunner.runTest(SuiteRunner.java:455)
                        at org.testng.SuiteRunner.runSequentially(SuiteRunner.java:450)
                        at org.testng.SuiteRunner.privateRun(SuiteRunner.java:415)
                        at org.testng.SuiteRunner.run(SuiteRunner.java:364)
                        at org.testng.SuiteRunnerWorker.runSuite(SuiteRunnerWorker.java:52)
                        at org.testng.SuiteRunnerWorker.run(SuiteRunnerWorker.java:84)
                        at org.testng.TestNG.runSuitesSequentially(TestNG.java:1208)
                        at org.testng.TestNG.runSuitesLocally(TestNG.java:1137)
                        at org.testng.TestNG.runSuites(TestNG.java:1049)
                        at org.testng.TestNG.run(TestNG.java:1017)
                        at org.testng.TestNG.privateMain(TestNG.java:1354)
                        at org.testng.TestNG.main(TestNG.java:1323)
                     </pre>
                  </div>
               </td>
            </tr>
            <tr id="tests.LoginTestOne_afterMethod_byClass_SKIP5_row"
                class="testMethodStatusSKIP testMethodStatusCONF">
               <td width="100%" class="firstMethodCell">
                  <a onclick="toggleDetailsVisibility('tests.LoginTestOne_afterMethod_byClass_SKIP5_details')">afterMethod()</a>
               </td>
               <td nowrap="true">08:52:05</td>
               <td nowrap="true" align="right">0 ms
                  
               </td>
               <td nowrap="true">
                   
                  
               </td>
            </tr>
            <tr>
               <td colspan="4" class="detailsBox">
                  <div id="tests.LoginTestOne_afterMethod_byClass_SKIP5_details"
                       class="testMethodDetails">
                     <div>
                        <b>Name: </b>afterMethod
                     </div>
                     <div>
                        <b>Signature: </b>afterMethod()[pri:0, instance:tests.LoginTestOne@a2431d0]
                     </div>
                     <div>
                        <b>Start time: </b>08:52:05
                     </div>
                     <div>
                        <b>End time: </b>08:52:05
                     </div>
                     <div>
                        <b>Duration: </b>0 ms
                        
                     </div>
                  </div>
               </td>
            </tr>
            <tr></tr>
            <tr id="tests.LoginTestOne_testthree_loginwithemptypassword_byClass_SKIP6_row"
                class="testMethodStatusSKIP">
               <td width="100%" class="firstMethodCell">
                  <a onclick="toggleDetailsVisibility('tests.LoginTestOne_testthree_loginwithemptypassword_byClass_SKIP6_details')">testthree_loginwithemptypassword()</a>
               </td>
               <td nowrap="true">08:52:05</td>
               <td nowrap="true" align="right">0 ms
                  
               </td>
               <td nowrap="true">
                  <a onclick="toggleDetailsVisibility('tests.LoginTestOne_testthree_loginwithemptypassword_byClass_SKIP6_exception')">org.openqa.selenium.SessionNotCreatedException: 
                     session not created: This version of ChromeDriver only supports Chrome version 93
                     Current browser version is 95.0.4638.69 with binary path C:\Program Files\Google\Chrome\Application\chrome.exe
                     Build info: version: '3.141.59', revision: 'e82be7d358', time: '2018-11-14T08:25:53'
                     System info: host: 'HP', ip: '192.168.56.1', os.name: 'Windows 8.1', os.arch: 'amd64', os.version: '6.3', java.version: '14.0.2'
                     Driver info: driver.version: ChromeDriver
                     remote stacktrace: Backtrace:
                     Ordinal0 [0x0048A2D3+2663123]
                     Ordinal0 [0x0041A491+2204817]
                     Ordinal0 [0x00302118+1057048]
                     Ordinal0 [0x0032041A+1180698]
                     Ordinal0 [0x0031C335+1164085]
                     Ordinal0 [0x00319B7F+1153919]
                     Ordinal0 [0x00349D8F+1351055]
                     Ordinal0 [0x003499FA+1350138]
                     Ordinal0 [0x0034589B+1333403]
                     Ordinal0 [0x00321F74+1187700]
                     Ordinal0 [0x00322DC9+1191369]
                     GetHandleVerifier [0x006230D6+1610054]
                     GetHandleVerifier [0x006CB53B+2299307]
                     GetHandleVerifier [0x00518DA9+519705]
                     GetHandleVerifier [0x00517759+513993]
                     Ordinal0 [0x0042112D+2232621]
                     Ordinal0 [0x004255F8+2250232]
                     Ordinal0 [0x00425732+2250546]
                     Ordinal0 [0x0042E591+2286993]
                     BaseThreadInitThunk [0x75326A14+36]
                     RtlInitializeExceptionChain [0x7763A9EF+143]
                     RtlInitializeExceptionChain [0x7763A9BA+90]
                     
                     
                  </a>
                   
                  
               </td>
            </tr>
            <tr>
               <td colspan="4" class="detailsBox">
                  <div id="tests.LoginTestOne_testthree_loginwithemptypassword_byClass_SKIP6_details"
                       class="testMethodDetails">
                     <div>
                        <b>Name: </b>testthree_loginwithemptypassword
                     </div>
                     <div>
                        <b>Signature: </b>testthree_loginwithemptypassword()[pri:3, instance:tests.LoginTestOne@a2431d0]
                     </div>
                     <div>
                        <b>Start time: </b>08:52:05
                     </div>
                     <div>
                        <b>End time: </b>08:52:05
                     </div>
                     <div>
                        <b>Duration: </b>0 ms
                        
                     </div>
                  </div>
               </td>
            </tr>
            <tr>
               <td colspan="4" class="detailsBox">
                  <div id="tests.LoginTestOne_testthree_loginwithemptypassword_byClass_SKIP6_exception"
                       class="testMethodDetails">
                     <pre style="padding: 5px; margin: 0;">org.openqa.selenium.SessionNotCreatedException: session not created: This version of ChromeDriver only supports Chrome version
                        93
                        Current browser version is 95.0.4638.69 with binary path C:\Program Files\Google\Chrome\Application\chrome.exe
                        Build info: version: '3.141.59', revision: 'e82be7d358', time: '2018-11-14T08:25:53'
                        System info: host: 'HP', ip: '192.168.56.1', os.name: 'Windows 8.1', os.arch: 'amd64', os.version: '6.3', java.version: '14.0.2'
                        Driver info: driver.version: ChromeDriver
                        remote stacktrace: Backtrace:
                        Ordinal0 [0x0048A2D3+2663123]
                        Ordinal0 [0x0041A491+2204817]
                        Ordinal0 [0x00302118+1057048]
                        Ordinal0 [0x0032041A+1180698]
                        Ordinal0 [0x0031C335+1164085]
                        Ordinal0 [0x00319B7F+1153919]
                        Ordinal0 [0x00349D8F+1351055]
                        Ordinal0 [0x003499FA+1350138]
                        Ordinal0 [0x0034589B+1333403]
                        Ordinal0 [0x00321F74+1187700]
                        Ordinal0 [0x00322DC9+1191369]
                        GetHandleVerifier [0x006230D6+1610054]
                        GetHandleVerifier [0x006CB53B+2299307]
                        GetHandleVerifier [0x00518DA9+519705]
                        GetHandleVerifier [0x00517759+513993]
                        Ordinal0 [0x0042112D+2232621]
                        Ordinal0 [0x004255F8+2250232]
                        Ordinal0 [0x00425732+2250546]
                        Ordinal0 [0x0042E591+2286993]
                        BaseThreadInitThunk [0x75326A14+36]
                        RtlInitializeExceptionChain [0x7763A9EF+143]
                        RtlInitializeExceptionChain [0x7763A9BA+90]
                        
                        at java.base/jdk.internal.reflect.NativeConstructorAccessorImpl.newInstance0(Native Method)
                        at java.base/jdk.internal.reflect.NativeConstructorAccessorImpl.newInstance(NativeConstructorAccessorImpl.java:62)
                        at java.base/jdk.internal.reflect.DelegatingConstructorAccessorImpl.newInstance(DelegatingConstructorAccessorImpl.java:45)
                        at java.base/java.lang.reflect.Constructor.newInstanceWithCaller(Constructor.java:500)
                        at java.base/java.lang.reflect.Constructor.newInstance(Constructor.java:481)
                        at org.openqa.selenium.remote.W3CHandshakeResponse.lambda$errorHandler$0(W3CHandshakeResponse.java:62)
                        at org.openqa.selenium.remote.HandshakeResponse.lambda$getResponseFunction$0(HandshakeResponse.java:30)
                        at org.openqa.selenium.remote.ProtocolHandshake.lambda$createSession$0(ProtocolHandshake.java:126)
                        at java.base/java.util.stream.ReferencePipeline$3$1.accept(ReferencePipeline.java:195)
                        at java.base/java.util.Spliterators$ArraySpliterator.tryAdvance(Spliterators.java:958)
                        at java.base/java.util.stream.ReferencePipeline.forEachWithCancel(ReferencePipeline.java:127)
                        at java.base/java.util.stream.AbstractPipeline.copyIntoWithCancel(AbstractPipeline.java:502)
                        at java.base/java.util.stream.AbstractPipeline.copyInto(AbstractPipeline.java:488)
                        at java.base/java.util.stream.AbstractPipeline.wrapAndCopyInto(AbstractPipeline.java:474)
                        at java.base/java.util.stream.FindOps$FindOp.evaluateSequential(FindOps.java:150)
                        at java.base/java.util.stream.AbstractPipeline.evaluate(AbstractPipeline.java:234)
                        at java.base/java.util.stream.ReferencePipeline.findFirst(ReferencePipeline.java:543)
                        at org.openqa.selenium.remote.ProtocolHandshake.createSession(ProtocolHandshake.java:128)
                        at org.openqa.selenium.remote.ProtocolHandshake.createSession(ProtocolHandshake.java:74)
                        at org.openqa.selenium.remote.HttpCommandExecutor.execute(HttpCommandExecutor.java:136)
                        at org.openqa.selenium.remote.service.DriverCommandExecutor.execute(DriverCommandExecutor.java:83)
                        at org.openqa.selenium.remote.RemoteWebDriver.execute(RemoteWebDriver.java:552)
                        at org.openqa.selenium.remote.RemoteWebDriver.startSession(RemoteWebDriver.java:213)
                        at org.openqa.selenium.remote.RemoteWebDriver.&lt;init&gt;(RemoteWebDriver.java:131)
                        at org.openqa.selenium.chrome.ChromeDriver.&lt;init&gt;(ChromeDriver.java:181)
                        at org.openqa.selenium.chrome.ChromeDriver.&lt;init&gt;(ChromeDriver.java:168)
                        at org.openqa.selenium.chrome.ChromeDriver.&lt;init&gt;(ChromeDriver.java:123)
                        at pages.LoginPageOne.openBrowser(LoginPageOne.java:27)
                        at tests.LoginTestOne.beforeMethod(LoginTestOne.java:28)
                        at java.base/jdk.internal.reflect.NativeMethodAccessorImpl.invoke0(Native Method)
                        at java.base/jdk.internal.reflect.NativeMethodAccessorImpl.invoke(NativeMethodAccessorImpl.java:62)
                        at java.base/jdk.internal.reflect.DelegatingMethodAccessorImpl.invoke(DelegatingMethodAccessorImpl.java:43)
                        at java.base/java.lang.reflect.Method.invoke(Method.java:564)
                        at org.testng.internal.MethodInvocationHelper.invokeMethod(MethodInvocationHelper.java:124)
                        at org.testng.internal.MethodInvocationHelper.invokeMethodConsideringTimeout(MethodInvocationHelper.java:59)
                        at org.testng.internal.Invoker.invokeConfigurationMethod(Invoker.java:455)
                        at org.testng.internal.Invoker.invokeConfigurations(Invoker.java:222)
                        at org.testng.internal.Invoker.invokeMethod(Invoker.java:520)
                        at org.testng.internal.Invoker.invokeTestMethod(Invoker.java:716)
                        at org.testng.internal.Invoker.invokeTestMethods(Invoker.java:988)
                        at org.testng.internal.TestMethodWorker.invokeTestMethods(TestMethodWorker.java:125)
                        at org.testng.internal.TestMethodWorker.run(TestMethodWorker.java:109)
                        at org.testng.TestRunner.privateRun(TestRunner.java:648)
                        at org.testng.TestRunner.run(TestRunner.java:505)
                        at org.testng.SuiteRunner.runTest(SuiteRunner.java:455)
                        at org.testng.SuiteRunner.runSequentially(SuiteRunner.java:450)
                        at org.testng.SuiteRunner.privateRun(SuiteRunner.java:415)
                        at org.testng.SuiteRunner.run(SuiteRunner.java:364)
                        at org.testng.SuiteRunnerWorker.runSuite(SuiteRunnerWorker.java:52)
                        at org.testng.SuiteRunnerWorker.run(SuiteRunnerWorker.java:84)
                        at org.testng.TestNG.runSuitesSequentially(TestNG.java:1208)
                        at org.testng.TestNG.runSuitesLocally(TestNG.java:1137)
                        at org.testng.TestNG.runSuites(TestNG.java:1049)
                        at org.testng.TestNG.run(TestNG.java:1017)
                        at org.testng.TestNG.privateMain(TestNG.java:1354)
                        at org.testng.TestNG.main(TestNG.java:1323)
                     </pre>
                  </div>
               </td>
            </tr>
            <tr id="tests.LoginTestOne_beforeMethod_byClass_SKIP7_row"
                class="testMethodStatusSKIP testMethodStatusCONF">
               <td width="100%" class="firstMethodCell">
                  <a onclick="toggleDetailsVisibility('tests.LoginTestOne_beforeMethod_byClass_SKIP7_details')">beforeMethod()</a>
               </td>
               <td nowrap="true">08:52:05</td>
               <td nowrap="true" align="right">0 ms
                  
               </td>
               <td nowrap="true">
                   
                  
               </td>
            </tr>
            <tr>
               <td colspan="4" class="detailsBox">
                  <div id="tests.LoginTestOne_beforeMethod_byClass_SKIP7_details"
                       class="testMethodDetails">
                     <div>
                        <b>Name: </b>beforeMethod
                     </div>
                     <div>
                        <b>Signature: </b>beforeMethod()[pri:0, instance:tests.LoginTestOne@a2431d0]
                     </div>
                     <div>
                        <b>Start time: </b>08:52:05
                     </div>
                     <div>
                        <b>End time: </b>08:52:05
                     </div>
                     <div>
                        <b>Duration: </b>0 ms
                        
                     </div>
                  </div>
               </td>
            </tr>
            <tr></tr>
            <tr id="tests.LoginTestOne_afterMethod_byClass_SKIP8_row"
                class="testMethodStatusSKIP testMethodStatusCONF">
               <td width="100%" class="firstMethodCell">
                  <a onclick="toggleDetailsVisibility('tests.LoginTestOne_afterMethod_byClass_SKIP8_details')">afterMethod()</a>
               </td>
               <td nowrap="true">08:52:05</td>
               <td nowrap="true" align="right">0 ms
                  
               </td>
               <td nowrap="true">
                   
                  
               </td>
            </tr>
            <tr>
               <td colspan="4" class="detailsBox">
                  <div id="tests.LoginTestOne_afterMethod_byClass_SKIP8_details"
                       class="testMethodDetails">
                     <div>
                        <b>Name: </b>afterMethod
                     </div>
                     <div>
                        <b>Signature: </b>afterMethod()[pri:0, instance:tests.LoginTestOne@a2431d0]
                     </div>
                     <div>
                        <b>Start time: </b>08:52:05
                     </div>
                     <div>
                        <b>End time: </b>08:52:05
                     </div>
                     <div>
                        <b>Duration: </b>0 ms
                        
                     </div>
                  </div>
               </td>
            </tr>
            <tr></tr>
            <tr id="tests.LoginTestOne_beforeMethod_byClass_SKIP9_row"
                class="testMethodStatusSKIP testMethodStatusCONF">
               <td width="100%" class="firstMethodCell">
                  <a onclick="toggleDetailsVisibility('tests.LoginTestOne_beforeMethod_byClass_SKIP9_details')">beforeMethod()</a>
               </td>
               <td nowrap="true">08:52:05</td>
               <td nowrap="true" align="right">0 ms
                  
               </td>
               <td nowrap="true">
                   
                  
               </td>
            </tr>
            <tr>
               <td colspan="4" class="detailsBox">
                  <div id="tests.LoginTestOne_beforeMethod_byClass_SKIP9_details"
                       class="testMethodDetails">
                     <div>
                        <b>Name: </b>beforeMethod
                     </div>
                     <div>
                        <b>Signature: </b>beforeMethod()[pri:0, instance:tests.LoginTestOne@a2431d0]
                     </div>
                     <div>
                        <b>Start time: </b>08:52:05
                     </div>
                     <div>
                        <b>End time: </b>08:52:05
                     </div>
                     <div>
                        <b>Duration: </b>0 ms
                        
                     </div>
                  </div>
               </td>
            </tr>
            <tr></tr>
            <tr id="tests.LoginTestOne_afterMethod_byClass_SKIP10_row"
                class="testMethodStatusSKIP testMethodStatusCONF">
               <td width="100%" class="firstMethodCell">
                  <a onclick="toggleDetailsVisibility('tests.LoginTestOne_afterMethod_byClass_SKIP10_details')">afterMethod()</a>
               </td>
               <td nowrap="true">08:52:05</td>
               <td nowrap="true" align="right">0 ms
                  
               </td>
               <td nowrap="true">
                   
                  
               </td>
            </tr>
            <tr>
               <td colspan="4" class="detailsBox">
                  <div id="tests.LoginTestOne_afterMethod_byClass_SKIP10_details"
                       class="testMethodDetails">
                     <div>
                        <b>Name: </b>afterMethod
                     </div>
                     <div>
                        <b>Signature: </b>afterMethod()[pri:0, instance:tests.LoginTestOne@a2431d0]
                     </div>
                     <div>
                        <b>Start time: </b>08:52:05
                     </div>
                     <div>
                        <b>End time: </b>08:52:05
                     </div>
                     <div>
                        <b>Duration: </b>0 ms
                        
                     </div>
                  </div>
               </td>
            </tr>
            <tr></tr>
            <tr id="tests.LoginTestOne_testfour_loginwithinvalidemail_byClass_SKIP11_row"
                class="testMethodStatusSKIP">
               <td width="100%" class="firstMethodCell">
                  <a onclick="toggleDetailsVisibility('tests.LoginTestOne_testfour_loginwithinvalidemail_byClass_SKIP11_details')">testfour_loginwithinvalidemail()</a>
               </td>
               <td nowrap="true">08:52:05</td>
               <td nowrap="true" align="right">0 ms
                  
               </td>
               <td nowrap="true">
                  <a onclick="toggleDetailsVisibility('tests.LoginTestOne_testfour_loginwithinvalidemail_byClass_SKIP11_exception')">org.openqa.selenium.SessionNotCreatedException: 
                     session not created: This version of ChromeDriver only supports Chrome version 93
                     Current browser version is 95.0.4638.69 with binary path C:\Program Files\Google\Chrome\Application\chrome.exe
                     Build info: version: '3.141.59', revision: 'e82be7d358', time: '2018-11-14T08:25:53'
                     System info: host: 'HP', ip: '192.168.56.1', os.name: 'Windows 8.1', os.arch: 'amd64', os.version: '6.3', java.version: '14.0.2'
                     Driver info: driver.version: ChromeDriver
                     remote stacktrace: Backtrace:
                     Ordinal0 [0x0048A2D3+2663123]
                     Ordinal0 [0x0041A491+2204817]
                     Ordinal0 [0x00302118+1057048]
                     Ordinal0 [0x0032041A+1180698]
                     Ordinal0 [0x0031C335+1164085]
                     Ordinal0 [0x00319B7F+1153919]
                     Ordinal0 [0x00349D8F+1351055]
                     Ordinal0 [0x003499FA+1350138]
                     Ordinal0 [0x0034589B+1333403]
                     Ordinal0 [0x00321F74+1187700]
                     Ordinal0 [0x00322DC9+1191369]
                     GetHandleVerifier [0x006230D6+1610054]
                     GetHandleVerifier [0x006CB53B+2299307]
                     GetHandleVerifier [0x00518DA9+519705]
                     GetHandleVerifier [0x00517759+513993]
                     Ordinal0 [0x0042112D+2232621]
                     Ordinal0 [0x004255F8+2250232]
                     Ordinal0 [0x00425732+2250546]
                     Ordinal0 [0x0042E591+2286993]
                     BaseThreadInitThunk [0x75326A14+36]
                     RtlInitializeExceptionChain [0x7763A9EF+143]
                     RtlInitializeExceptionChain [0x7763A9BA+90]
                     
                     
                  </a>
                   
                  
               </td>
            </tr>
            <tr>
               <td colspan="4" class="detailsBox">
                  <div id="tests.LoginTestOne_testfour_loginwithinvalidemail_byClass_SKIP11_details"
                       class="testMethodDetails">
                     <div>
                        <b>Name: </b>testfour_loginwithinvalidemail
                     </div>
                     <div>
                        <b>Signature: </b>testfour_loginwithinvalidemail()[pri:4, instance:tests.LoginTestOne@a2431d0]
                     </div>
                     <div>
                        <b>Start time: </b>08:52:05
                     </div>
                     <div>
                        <b>End time: </b>08:52:05
                     </div>
                     <div>
                        <b>Duration: </b>0 ms
                        
                     </div>
                  </div>
               </td>
            </tr>
            <tr>
               <td colspan="4" class="detailsBox">
                  <div id="tests.LoginTestOne_testfour_loginwithinvalidemail_byClass_SKIP11_exception"
                       class="testMethodDetails">
                     <pre style="padding: 5px; margin: 0;">org.openqa.selenium.SessionNotCreatedException: session not created: This version of ChromeDriver only supports Chrome version
                        93
                        Current browser version is 95.0.4638.69 with binary path C:\Program Files\Google\Chrome\Application\chrome.exe
                        Build info: version: '3.141.59', revision: 'e82be7d358', time: '2018-11-14T08:25:53'
                        System info: host: 'HP', ip: '192.168.56.1', os.name: 'Windows 8.1', os.arch: 'amd64', os.version: '6.3', java.version: '14.0.2'
                        Driver info: driver.version: ChromeDriver
                        remote stacktrace: Backtrace:
                        Ordinal0 [0x0048A2D3+2663123]
                        Ordinal0 [0x0041A491+2204817]
                        Ordinal0 [0x00302118+1057048]
                        Ordinal0 [0x0032041A+1180698]
                        Ordinal0 [0x0031C335+1164085]
                        Ordinal0 [0x00319B7F+1153919]
                        Ordinal0 [0x00349D8F+1351055]
                        Ordinal0 [0x003499FA+1350138]
                        Ordinal0 [0x0034589B+1333403]
                        Ordinal0 [0x00321F74+1187700]
                        Ordinal0 [0x00322DC9+1191369]
                        GetHandleVerifier [0x006230D6+1610054]
                        GetHandleVerifier [0x006CB53B+2299307]
                        GetHandleVerifier [0x00518DA9+519705]
                        GetHandleVerifier [0x00517759+513993]
                        Ordinal0 [0x0042112D+2232621]
                        Ordinal0 [0x004255F8+2250232]
                        Ordinal0 [0x00425732+2250546]
                        Ordinal0 [0x0042E591+2286993]
                        BaseThreadInitThunk [0x75326A14+36]
                        RtlInitializeExceptionChain [0x7763A9EF+143]
                        RtlInitializeExceptionChain [0x7763A9BA+90]
                        
                        at java.base/jdk.internal.reflect.NativeConstructorAccessorImpl.newInstance0(Native Method)
                        at java.base/jdk.internal.reflect.NativeConstructorAccessorImpl.newInstance(NativeConstructorAccessorImpl.java:62)
                        at java.base/jdk.internal.reflect.DelegatingConstructorAccessorImpl.newInstance(DelegatingConstructorAccessorImpl.java:45)
                        at java.base/java.lang.reflect.Constructor.newInstanceWithCaller(Constructor.java:500)
                        at java.base/java.lang.reflect.Constructor.newInstance(Constructor.java:481)
                        at org.openqa.selenium.remote.W3CHandshakeResponse.lambda$errorHandler$0(W3CHandshakeResponse.java:62)
                        at org.openqa.selenium.remote.HandshakeResponse.lambda$getResponseFunction$0(HandshakeResponse.java:30)
                        at org.openqa.selenium.remote.ProtocolHandshake.lambda$createSession$0(ProtocolHandshake.java:126)
                        at java.base/java.util.stream.ReferencePipeline$3$1.accept(ReferencePipeline.java:195)
                        at java.base/java.util.Spliterators$ArraySpliterator.tryAdvance(Spliterators.java:958)
                        at java.base/java.util.stream.ReferencePipeline.forEachWithCancel(ReferencePipeline.java:127)
                        at java.base/java.util.stream.AbstractPipeline.copyIntoWithCancel(AbstractPipeline.java:502)
                        at java.base/java.util.stream.AbstractPipeline.copyInto(AbstractPipeline.java:488)
                        at java.base/java.util.stream.AbstractPipeline.wrapAndCopyInto(AbstractPipeline.java:474)
                        at java.base/java.util.stream.FindOps$FindOp.evaluateSequential(FindOps.java:150)
                        at java.base/java.util.stream.AbstractPipeline.evaluate(AbstractPipeline.java:234)
                        at java.base/java.util.stream.ReferencePipeline.findFirst(ReferencePipeline.java:543)
                        at org.openqa.selenium.remote.ProtocolHandshake.createSession(ProtocolHandshake.java:128)
                        at org.openqa.selenium.remote.ProtocolHandshake.createSession(ProtocolHandshake.java:74)
                        at org.openqa.selenium.remote.HttpCommandExecutor.execute(HttpCommandExecutor.java:136)
                        at org.openqa.selenium.remote.service.DriverCommandExecutor.execute(DriverCommandExecutor.java:83)
                        at org.openqa.selenium.remote.RemoteWebDriver.execute(RemoteWebDriver.java:552)
                        at org.openqa.selenium.remote.RemoteWebDriver.startSession(RemoteWebDriver.java:213)
                        at org.openqa.selenium.remote.RemoteWebDriver.&lt;init&gt;(RemoteWebDriver.java:131)
                        at org.openqa.selenium.chrome.ChromeDriver.&lt;init&gt;(ChromeDriver.java:181)
                        at org.openqa.selenium.chrome.ChromeDriver.&lt;init&gt;(ChromeDriver.java:168)
                        at org.openqa.selenium.chrome.ChromeDriver.&lt;init&gt;(ChromeDriver.java:123)
                        at pages.LoginPageOne.openBrowser(LoginPageOne.java:27)
                        at tests.LoginTestOne.beforeMethod(LoginTestOne.java:28)
                        at java.base/jdk.internal.reflect.NativeMethodAccessorImpl.invoke0(Native Method)
                        at java.base/jdk.internal.reflect.NativeMethodAccessorImpl.invoke(NativeMethodAccessorImpl.java:62)
                        at java.base/jdk.internal.reflect.DelegatingMethodAccessorImpl.invoke(DelegatingMethodAccessorImpl.java:43)
                        at java.base/java.lang.reflect.Method.invoke(Method.java:564)
                        at org.testng.internal.MethodInvocationHelper.invokeMethod(MethodInvocationHelper.java:124)
                        at org.testng.internal.MethodInvocationHelper.invokeMethodConsideringTimeout(MethodInvocationHelper.java:59)
                        at org.testng.internal.Invoker.invokeConfigurationMethod(Invoker.java:455)
                        at org.testng.internal.Invoker.invokeConfigurations(Invoker.java:222)
                        at org.testng.internal.Invoker.invokeMethod(Invoker.java:520)
                        at org.testng.internal.Invoker.invokeTestMethod(Invoker.java:716)
                        at org.testng.internal.Invoker.invokeTestMethods(Invoker.java:988)
                        at org.testng.internal.TestMethodWorker.invokeTestMethods(TestMethodWorker.java:125)
                        at org.testng.internal.TestMethodWorker.run(TestMethodWorker.java:109)
                        at org.testng.TestRunner.privateRun(TestRunner.java:648)
                        at org.testng.TestRunner.run(TestRunner.java:505)
                        at org.testng.SuiteRunner.runTest(SuiteRunner.java:455)
                        at org.testng.SuiteRunner.runSequentially(SuiteRunner.java:450)
                        at org.testng.SuiteRunner.privateRun(SuiteRunner.java:415)
                        at org.testng.SuiteRunner.run(SuiteRunner.java:364)
                        at org.testng.SuiteRunnerWorker.runSuite(SuiteRunnerWorker.java:52)
                        at org.testng.SuiteRunnerWorker.run(SuiteRunnerWorker.java:84)
                        at org.testng.TestNG.runSuitesSequentially(TestNG.java:1208)
                        at org.testng.TestNG.runSuitesLocally(TestNG.java:1137)
                        at org.testng.TestNG.runSuites(TestNG.java:1049)
                        at org.testng.TestNG.run(TestNG.java:1017)
                        at org.testng.TestNG.privateMain(TestNG.java:1354)
                        at org.testng.TestNG.main(TestNG.java:1323)
                     </pre>
                  </div>
               </td>
            </tr>
            <tr id="tests.LoginTestOne_beforeMethod_byClass_SKIP12_row"
                class="testMethodStatusSKIP testMethodStatusCONF">
               <td width="100%" class="firstMethodCell">
                  <a onclick="toggleDetailsVisibility('tests.LoginTestOne_beforeMethod_byClass_SKIP12_details')">beforeMethod()</a>
               </td>
               <td nowrap="true">08:52:05</td>
               <td nowrap="true" align="right">0 ms
                  
               </td>
               <td nowrap="true">
                   
                  
               </td>
            </tr>
            <tr>
               <td colspan="4" class="detailsBox">
                  <div id="tests.LoginTestOne_beforeMethod_byClass_SKIP12_details"
                       class="testMethodDetails">
                     <div>
                        <b>Name: </b>beforeMethod
                     </div>
                     <div>
                        <b>Signature: </b>beforeMethod()[pri:0, instance:tests.LoginTestOne@a2431d0]
                     </div>
                     <div>
                        <b>Start time: </b>08:52:05
                     </div>
                     <div>
                        <b>End time: </b>08:52:05
                     </div>
                     <div>
                        <b>Duration: </b>0 ms
                        
                     </div>
                  </div>
               </td>
            </tr>
            <tr></tr>
         </table>
         <br></br>
      </div>
      <div style="margin-top: 15px; color: gray; text-align: center; font-size: 9px;">
         Generated with
         
         <a href="http://code.google.com/p/testng-xslt/" style="color: #8888aa;"
            target="_blank">
            TestNG XSLT
            
         </a>
      </div>
   </body>
</html>